<?xml version="1.0" encoding="UTF-8"?>
<testsuite xmlns:xsi="http://www.w3.org/2001/XMLSchema-instance" xsi:noNamespaceSchemaLocation="https://maven.apache.org/surefire/maven-surefire-plugin/xsd/surefire-test-report-3.0.xsd" version="3.0" name="TestSuite" time="5.936" tests="1" errors="0" skipped="0" failures="1">
  <properties>
    <property name="java.specification.version" value="19"/>
    <property name="sun.cpu.isalist" value="amd64"/>
    <property name="sun.jnu.encoding" value="Cp1252"/>
    <property name="java.class.path" value="C:\Users\VPAVAN\ec1\Bdd2\target\test-classes;C:\Users\VPAVAN\ec1\Bdd2\target\classes;C:\Users\VPAVAN\.m2\repository\io\rest-assured\rest-assured\5.4.0\rest-assured-5.4.0.jar;C:\Users\VPAVAN\.m2\repository\org\apache\groovy\groovy\4.0.16\groovy-4.0.16.jar;C:\Users\VPAVAN\.m2\repository\org\apache\groovy\groovy-xml\4.0.16\groovy-xml-4.0.16.jar;C:\Users\VPAVAN\.m2\repository\org\apache\httpcomponents\httpclient\4.5.13\httpclient-4.5.13.jar;C:\Users\VPAVAN\.m2\repository\commons-logging\commons-logging\1.2\commons-logging-1.2.jar;C:\Users\VPAVAN\.m2\repository\org\apache\httpcomponents\httpmime\4.5.13\httpmime-4.5.13.jar;C:\Users\VPAVAN\.m2\repository\org\ccil\cowan\tagsoup\tagsoup\1.2.1\tagsoup-1.2.1.jar;C:\Users\VPAVAN\.m2\repository\io\rest-assured\json-path\5.4.0\json-path-5.4.0.jar;C:\Users\VPAVAN\.m2\repository\org\apache\groovy\groovy-json\4.0.16\groovy-json-4.0.16.jar;C:\Users\VPAVAN\.m2\repository\io\rest-assured\rest-assured-common\5.4.0\rest-assured-common-5.4.0.jar;C:\Users\VPAVAN\.m2\repository\io\rest-assured\xml-path\5.4.0\xml-path-5.4.0.jar;C:\Users\VPAVAN\.m2\repository\io\cucumber\cucumber-java\7.14.0\cucumber-java-7.14.0.jar;C:\Users\VPAVAN\.m2\repository\io\cucumber\cucumber-core\7.14.0\cucumber-core-7.14.0.jar;C:\Users\VPAVAN\.m2\repository\io\cucumber\cucumber-gherkin\7.14.0\cucumber-gherkin-7.14.0.jar;C:\Users\VPAVAN\.m2\repository\io\cucumber\cucumber-gherkin-messages\7.14.0\cucumber-gherkin-messages-7.14.0.jar;C:\Users\VPAVAN\.m2\repository\io\cucumber\gherkin\26.2.0\gherkin-26.2.0.jar;C:\Users\VPAVAN\.m2\repository\io\cucumber\messages\22.0.0\messages-22.0.0.jar;C:\Users\VPAVAN\.m2\repository\io\cucumber\tag-expressions\5.0.6\tag-expressions-5.0.6.jar;C:\Users\VPAVAN\.m2\repository\io\cucumber\cucumber-expressions\16.1.2\cucumber-expressions-16.1.2.jar;C:\Users\VPAVAN\.m2\repository\io\cucumber\datatable\7.14.0\datatable-7.14.0.jar;C:\Users\VPAVAN\.m2\repository\io\cucumber\cucumber-plugin\7.14.0\cucumber-plugin-7.14.0.jar;C:\Users\VPAVAN\.m2\repository\io\cucumber\docstring\7.14.0\docstring-7.14.0.jar;C:\Users\VPAVAN\.m2\repository\io\cucumber\html-formatter\20.4.0\html-formatter-20.4.0.jar;C:\Users\VPAVAN\.m2\repository\io\cucumber\junit-xml-formatter\0.2.0\junit-xml-formatter-0.2.0.jar;C:\Users\VPAVAN\.m2\repository\io\cucumber\ci-environment\9.2.0\ci-environment-9.2.0.jar;C:\Users\VPAVAN\.m2\repository\org\apiguardian\apiguardian-api\1.1.2\apiguardian-api-1.1.2.jar;C:\Users\VPAVAN\.m2\repository\org\apache\poi\poi\5.3.0\poi-5.3.0.jar;C:\Users\VPAVAN\.m2\repository\commons-codec\commons-codec\1.17.0\commons-codec-1.17.0.jar;C:\Users\VPAVAN\.m2\repository\org\apache\commons\commons-collections4\4.4\commons-collections4-4.4.jar;C:\Users\VPAVAN\.m2\repository\org\apache\commons\commons-math3\3.6.1\commons-math3-3.6.1.jar;C:\Users\VPAVAN\.m2\repository\commons-io\commons-io\2.16.1\commons-io-2.16.1.jar;C:\Users\VPAVAN\.m2\repository\com\zaxxer\SparseBitSet\1.3\SparseBitSet-1.3.jar;C:\Users\VPAVAN\.m2\repository\org\apache\logging\log4j\log4j-api\2.23.1\log4j-api-2.23.1.jar;C:\Users\VPAVAN\.m2\repository\org\apache\poi\poi-ooxml\5.3.0\poi-ooxml-5.3.0.jar;C:\Users\VPAVAN\.m2\repository\org\apache\poi\poi-ooxml-lite\5.3.0\poi-ooxml-lite-5.3.0.jar;C:\Users\VPAVAN\.m2\repository\org\apache\xmlbeans\xmlbeans\5.2.1\xmlbeans-5.2.1.jar;C:\Users\VPAVAN\.m2\repository\org\apache\commons\commons-compress\1.26.2\commons-compress-1.26.2.jar;C:\Users\VPAVAN\.m2\repository\com\github\virtuald\curvesapi\1.08\curvesapi-1.08.jar;C:\Users\VPAVAN\.m2\repository\com\amazonaws\aws-java-sdk\1.12.776\aws-java-sdk-1.12.776.jar;C:\Users\VPAVAN\.m2\repository\com\amazonaws\aws-java-sdk-qapps\1.12.776\aws-java-sdk-qapps-1.12.776.jar;C:\Users\VPAVAN\.m2\repository\com\amazonaws\jmespath-java\1.12.776\jmespath-java-1.12.776.jar;C:\Users\VPAVAN\.m2\repository\com\amazonaws\aws-java-sdk-apptest\1.12.776\aws-java-sdk-apptest-1.12.776.jar;C:\Users\VPAVAN\.m2\repository\com\amazonaws\aws-java-sdk-pcaconnectorscep\1.12.776\aws-java-sdk-pcaconnectorscep-1.12.776.jar;C:\Users\VPAVAN\.m2\repository\com\amazonaws\aws-java-sdk-applicationsignals\1.12.776\aws-java-sdk-applicationsignals-1.12.776.jar;C:\Users\VPAVAN\.m2\repository\com\amazonaws\aws-java-sdk-taxsettings\1.12.776\aws-java-sdk-taxsettings-1.12.776.jar;C:\Users\VPAVAN\.m2\repository\com\amazonaws\aws-java-sdk-mailmanager\1.12.776\aws-java-sdk-mailmanager-1.12.776.jar;C:\Users\VPAVAN\.m2\repository\com\amazonaws\aws-java-sdk-route53profiles\1.12.776\aws-java-sdk-route53profiles-1.12.776.jar;C:\Users\VPAVAN\.m2\repository\com\amazonaws\aws-java-sdk-controlcatalog\1.12.776\aws-java-sdk-controlcatalog-1.12.776.jar;C:\Users\VPAVAN\.m2\repository\com\amazonaws\aws-java-sdk-deadline\1.12.776\aws-java-sdk-deadline-1.12.776.jar;C:\Users\VPAVAN\.m2\repository\com\amazonaws\aws-java-sdk-codeconnections\1.12.776\aws-java-sdk-codeconnections-1.12.776.jar;C:\Users\VPAVAN\.m2\repository\com\amazonaws\aws-java-sdk-timestreaminfluxdb\1.12.776\aws-java-sdk-timestreaminfluxdb-1.12.776.jar;C:\Users\VPAVAN\.m2\repository\com\amazonaws\aws-java-sdk-chatbot\1.12.776\aws-java-sdk-chatbot-1.12.776.jar;C:\Users\VPAVAN\.m2\repository\com\amazonaws\aws-java-sdk-artifact\1.12.776\aws-java-sdk-artifact-1.12.776.jar;C:\Users\VPAVAN\.m2\repository\com\amazonaws\aws-java-sdk-supplychain\1.12.776\aws-java-sdk-supplychain-1.12.776.jar;C:\Users\VPAVAN\.m2\repository\com\amazonaws\aws-java-sdk-networkmonitor\1.12.776\aws-java-sdk-networkmonitor-1.12.776.jar;C:\Users\VPAVAN\.m2\repository\com\amazonaws\aws-java-sdk-marketplaceagreement\1.12.776\aws-java-sdk-marketplaceagreement-1.12.776.jar;C:\Users\VPAVAN\.m2\repository\com\amazonaws\aws-java-sdk-marketplacedeployment\1.12.776\aws-java-sdk-marketplacedeployment-1.12.776.jar;C:\Users\VPAVAN\.m2\repository\com\amazonaws\aws-java-sdk-cleanroomsml\1.12.776\aws-java-sdk-cleanroomsml-1.12.776.jar;C:\Users\VPAVAN\.m2\repository\com\amazonaws\aws-java-sdk-bedrockagent\1.12.776\aws-java-sdk-bedrockagent-1.12.776.jar;C:\Users\VPAVAN\.m2\repository\com\amazonaws\aws-java-sdk-qconnect\1.12.776\aws-java-sdk-qconnect-1.12.776.jar;C:\Users\VPAVAN\.m2\repository\com\amazonaws\aws-java-sdk-qbusiness\1.12.776\aws-java-sdk-qbusiness-1.12.776.jar;C:\Users\VPAVAN\.m2\repository\com\amazonaws\aws-java-sdk-bedrockagentruntime\1.12.776\aws-java-sdk-bedrockagentruntime-1.12.776.jar;C:\Users\VPAVAN\.m2\repository\com\amazonaws\aws-java-sdk-b2bi\1.12.776\aws-java-sdk-b2bi-1.12.776.jar;C:\Users\VPAVAN\.m2\repository\com\amazonaws\aws-java-sdk-workspacesthinclient\1.12.776\aws-java-sdk-workspacesthinclient-1.12.776.jar;C:\Users\VPAVAN\.m2\repository\com\amazonaws\aws-java-sdk-eksauth\1.12.776\aws-java-sdk-eksauth-1.12.776.jar;C:\Users\VPAVAN\.m2\repository\com\amazonaws\aws-java-sdk-freetier\1.12.776\aws-java-sdk-freetier-1.12.776.jar;C:\Users\VPAVAN\.m2\repository\com\amazonaws\aws-java-sdk-bcmdataexports\1.12.776\aws-java-sdk-bcmdataexports-1.12.776.jar;C:\Users\VPAVAN\.m2\repository\com\amazonaws\aws-java-sdk-repostspace\1.12.776\aws-java-sdk-repostspace-1.12.776.jar;C:\Users\VPAVAN\.m2\repository\com\amazonaws\aws-java-sdk-costoptimizationhub\1.12.776\aws-java-sdk-costoptimizationhub-1.12.776.jar;C:\Users\VPAVAN\.m2\repository\com\amazonaws\aws-java-sdk-inspectorscan\1.12.776\aws-java-sdk-inspectorscan-1.12.776.jar;C:\Users\VPAVAN\.m2\repository\com\amazonaws\aws-java-sdk-trustedadvisor\1.12.776\aws-java-sdk-trustedadvisor-1.12.776.jar;C:\Users\VPAVAN\.m2\repository\com\amazonaws\aws-java-sdk-launchwizard\1.12.776\aws-java-sdk-launchwizard-1.12.776.jar;C:\Users\VPAVAN\.m2\repository\com\amazonaws\aws-java-sdk-datazoneexternal\1.12.776\aws-java-sdk-datazoneexternal-1.12.776.jar;C:\Users\VPAVAN\.m2\repository\com\amazonaws\aws-java-sdk-bedrock\1.12.776\aws-java-sdk-bedrock-1.12.776.jar;C:\Users\VPAVAN\.m2\repository\com\amazonaws\aws-java-sdk-bedrockruntime\1.12.776\aws-java-sdk-bedrockruntime-1.12.776.jar;C:\Users\VPAVAN\.m2\repository\com\amazonaws\aws-java-sdk-neptunedata\1.12.776\aws-java-sdk-neptunedata-1.12.776.jar;C:\Users\VPAVAN\.m2\repository\com\amazonaws\aws-java-sdk-pcaconnectorad\1.12.776\aws-java-sdk-pcaconnectorad-1.12.776.jar;C:\Users\VPAVAN\.m2\repository\com\amazonaws\aws-java-sdk-managedblockchainquery\1.12.776\aws-java-sdk-managedblockchainquery-1.12.776.jar;C:\Users\VPAVAN\.m2\repository\com\amazonaws\aws-java-sdk-entityresolution\1.12.776\aws-java-sdk-entityresolution-1.12.776.jar;C:\Users\VPAVAN\.m2\repository\com\amazonaws\aws-java-sdk-medicalimaging\1.12.776\aws-java-sdk-medicalimaging-1.12.776.jar;C:\Users\VPAVAN\.m2\repository\com\amazonaws\aws-java-sdk-appfabric\1.12.776\aws-java-sdk-appfabric-1.12.776.jar;C:\Users\VPAVAN\.m2\repository\com\amazonaws\aws-java-sdk-verifiedpermissions\1.12.776\aws-java-sdk-verifiedpermissions-1.12.776.jar;C:\Users\VPAVAN\.m2\repository\com\amazonaws\aws-java-sdk-codegurusecurity\1.12.776\aws-java-sdk-codegurusecurity-1.12.776.jar;C:\Users\VPAVAN\.m2\repository\com\amazonaws\aws-java-sdk-paymentcryptography\1.12.776\aws-java-sdk-paymentcryptography-1.12.776.jar;C:\Users\VPAVAN\.m2\repository\com\amazonaws\aws-java-sdk-paymentcryptographydata\1.12.776\aws-java-sdk-paymentcryptographydata-1.12.776.jar;C:\Users\VPAVAN\.m2\repository\com\amazonaws\aws-java-sdk-mediapackagev2\1.12.776\aws-java-sdk-mediapackagev2-1.12.776.jar;C:\Users\VPAVAN\.m2\repository\com\amazonaws\aws-java-sdk-osis\1.12.776\aws-java-sdk-osis-1.12.776.jar;C:\Users\VPAVAN\.m2\repository\com\amazonaws\aws-java-sdk-vpclattice\1.12.776\aws-java-sdk-vpclattice-1.12.776.jar;C:\Users\VPAVAN\.m2\repository\com\amazonaws\aws-java-sdk-ivsrealtime\1.12.776\aws-java-sdk-ivsrealtime-1.12.776.jar;C:\Users\VPAVAN\.m2\repository\com\amazonaws\aws-java-sdk-internetmonitor\1.12.776\aws-java-sdk-internetmonitor-1.12.776.jar;C:\Users\VPAVAN\.m2\repository\com\amazonaws\aws-java-sdk-tnb\1.12.776\aws-java-sdk-tnb-1.12.776.jar;C:\Users\VPAVAN\.m2\repository\com\amazonaws\aws-java-sdk-cloudtraildata\1.12.776\aws-java-sdk-cloudtraildata-1.12.776.jar;C:\Users\VPAVAN\.m2\repository\com\amazonaws\aws-java-sdk-cleanrooms\1.12.776\aws-java-sdk-cleanrooms-1.12.776.jar;C:\Users\VPAVAN\.m2\repository\com\amazonaws\aws-java-sdk-kendraranking\1.12.776\aws-java-sdk-kendraranking-1.12.776.jar;C:\Users\VPAVAN\.m2\repository\com\amazonaws\aws-java-sdk-licensemanagerlinuxsubscriptions\1.12.776\aws-java-sdk-licensemanagerlinuxsubscriptions-1.12.776.jar;C:\Users\VPAVAN\.m2\repository\com\amazonaws\aws-java-sdk-kinesisvideowebrtcstorage\1.12.776\aws-java-sdk-kinesisvideowebrtcstorage-1.12.776.jar;C:\Users\VPAVAN\.m2\repository\com\amazonaws\aws-java-sdk-sagemakermetrics\1.12.776\aws-java-sdk-sagemakermetrics-1.12.776.jar;C:\Users\VPAVAN\.m2\repository\com\amazonaws\aws-java-sdk-pipes\1.12.776\aws-java-sdk-pipes-1.12.776.jar;C:\Users\VPAVAN\.m2\repository\com\amazonaws\aws-java-sdk-sagemakergeospatial\1.12.776\aws-java-sdk-sagemakergeospatial-1.12.776.jar;C:\Users\VPAVAN\.m2\repository\com\amazonaws\aws-java-sdk-docdbelastic\1.12.776\aws-java-sdk-docdbelastic-1.12.776.jar;C:\Users\VPAVAN\.m2\repository\com\amazonaws\aws-java-sdk-omics\1.12.776\aws-java-sdk-omics-1.12.776.jar;C:\Users\VPAVAN\.m2\repository\com\amazonaws\aws-java-sdk-opensearchserverless\1.12.776\aws-java-sdk-opensearchserverless-1.12.776.jar;C:\Users\VPAVAN\.m2\repository\com\amazonaws\aws-java-sdk-securitylake\1.12.776\aws-java-sdk-securitylake-1.12.776.jar;C:\Users\VPAVAN\.m2\repository\com\amazonaws\aws-java-sdk-simspaceweaver\1.12.776\aws-java-sdk-simspaceweaver-1.12.776.jar;C:\Users\VPAVAN\.m2\repository\com\amazonaws\aws-java-sdk-arczonalshift\1.12.776\aws-java-sdk-arczonalshift-1.12.776.jar;C:\Users\VPAVAN\.m2\repository\com\amazonaws\aws-java-sdk-oam\1.12.776\aws-java-sdk-oam-1.12.776.jar;C:\Users\VPAVAN\.m2\repository\com\amazonaws\aws-java-sdk-chimesdkvoice\1.12.776\aws-java-sdk-chimesdkvoice-1.12.776.jar;C:\Users\VPAVAN\.m2\repository\com\amazonaws\aws-java-sdk-ssmsap\1.12.776\aws-java-sdk-ssmsap-1.12.776.jar;C:\Users\VPAVAN\.m2\repository\com\amazonaws\aws-java-sdk-scheduler\1.12.776\aws-java-sdk-scheduler-1.12.776.jar;C:\Users\VPAVAN\.m2\repository\com\amazonaws\aws-java-sdk-resourceexplorer2\1.12.776\aws-java-sdk-resourceexplorer2-1.12.776.jar;C:\Users\VPAVAN\.m2\repository\com\amazonaws\aws-java-sdk-connectcases\1.12.776\aws-java-sdk-connectcases-1.12.776.jar;C:\Users\VPAVAN\.m2\repository\com\amazonaws\aws-java-sdk-migrationhuborchestrator\1.12.776\aws-java-sdk-migrationhuborchestrator-1.12.776.jar;C:\Users\VPAVAN\.m2\repository\com\amazonaws\aws-java-sdk-iotfleetwise\1.12.776\aws-java-sdk-iotfleetwise-1.12.776.jar;C:\Users\VPAVAN\.m2\repository\com\amazonaws\aws-java-sdk-controltower\1.12.776\aws-java-sdk-controltower-1.12.776.jar;C:\Users\VPAVAN\.m2\repository\com\amazonaws\aws-java-sdk-supportapp\1.12.776\aws-java-sdk-supportapp-1.12.776.jar;C:\Users\VPAVAN\.m2\repository\com\amazonaws\aws-java-sdk-private5g\1.12.776\aws-java-sdk-private5g-1.12.776.jar;C:\Users\VPAVAN\.m2\repository\com\amazonaws\aws-java-sdk-licensemanagerusersubscriptions\1.12.776\aws-java-sdk-licensemanagerusersubscriptions-1.12.776.jar;C:\Users\VPAVAN\.m2\repository\com\amazonaws\aws-java-sdk-iamrolesanywhere\1.12.776\aws-java-sdk-iamrolesanywhere-1.12.776.jar;C:\Users\VPAVAN\.m2\repository\com\amazonaws\aws-java-sdk-redshiftserverless\1.12.776\aws-java-sdk-redshiftserverless-1.12.776.jar;C:\Users\VPAVAN\.m2\repository\com\amazonaws\aws-java-sdk-connectcampaign\1.12.776\aws-java-sdk-connectcampaign-1.12.776.jar;C:\Users\VPAVAN\.m2\repository\com\amazonaws\aws-java-sdk-mainframemodernization\1.12.776\aws-java-sdk-mainframemodernization-1.12.776.jar;C:\Users\VPAVAN\.m2\repository\com\amazonaws\aws-java-sdk-emrserverless\1.12.776\aws-java-sdk-emrserverless-1.12.776.jar;C:\Users\VPAVAN\.m2\repository\com\amazonaws\aws-java-sdk-chimesdkmediapipelines\1.12.776\aws-java-sdk-chimesdkmediapipelines-1.12.776.jar;C:\Users\VPAVAN\.m2\repository\com\amazonaws\aws-java-sdk-ivschat\1.12.776\aws-java-sdk-ivschat-1.12.776.jar;C:\Users\VPAVAN\.m2\repository\com\amazonaws\aws-java-sdk-pinpointsmsvoicev2\1.12.776\aws-java-sdk-pinpointsmsvoicev2-1.12.776.jar;C:\Users\VPAVAN\.m2\repository\com\amazonaws\aws-java-sdk-billingconductor\1.12.776\aws-java-sdk-billingconductor-1.12.776.jar;C:\Users\VPAVAN\.m2\repository\com\amazonaws\aws-java-sdk-keyspaces\1.12.776\aws-java-sdk-keyspaces-1.12.776.jar;C:\Users\VPAVAN\.m2\repository\com\amazonaws\aws-java-sdk-amplifyuibuilder\1.12.776\aws-java-sdk-amplifyuibuilder-1.12.776.jar;C:\Users\VPAVAN\.m2\repository\com\amazonaws\aws-java-sdk-backupgateway\1.12.776\aws-java-sdk-backupgateway-1.12.776.jar;C:\Users\VPAVAN\.m2\repository\com\amazonaws\aws-java-sdk-workspacesweb\1.12.776\aws-java-sdk-workspacesweb-1.12.776.jar;C:\Users\VPAVAN\.m2\repository\com\amazonaws\aws-java-sdk-iottwinmaker\1.12.776\aws-java-sdk-iottwinmaker-1.12.776.jar;C:\Users\VPAVAN\.m2\repository\com\amazonaws\aws-java-sdk-recyclebin\1.12.776\aws-java-sdk-recyclebin-1.12.776.jar;C:\Users\VPAVAN\.m2\repository\com\amazonaws\aws-java-sdk-cloudwatchrum\1.12.776\aws-java-sdk-cloudwatchrum-1.12.776.jar;C:\Users\VPAVAN\.m2\repository\com\amazonaws\aws-java-sdk-cloudwatchevidently\1.12.776\aws-java-sdk-cloudwatchevidently-1.12.776.jar;C:\Users\VPAVAN\.m2\repository\com\amazonaws\aws-java-sdk-inspector2\1.12.776\aws-java-sdk-inspector2-1.12.776.jar;C:\Users\VPAVAN\.m2\repository\com\amazonaws\aws-java-sdk-migrationhubrefactorspaces\1.12.776\aws-java-sdk-migrationhubrefactorspaces-1.12.776.jar;C:\Users\VPAVAN\.m2\repository\com\amazonaws\aws-java-sdk-appconfigdata\1.12.776\aws-java-sdk-appconfigdata-1.12.776.jar;C:\Users\VPAVAN\.m2\repository\com\amazonaws\aws-java-sdk-drs\1.12.776\aws-java-sdk-drs-1.12.776.jar;C:\Users\VPAVAN\.m2\repository\com\amazonaws\aws-java-sdk-migrationhubstrategyrecommendations\1.12.776\aws-java-sdk-migrationhubstrategyrecommendations-1.12.776.jar;C:\Users\VPAVAN\.m2\repository\com\amazonaws\aws-java-sdk-resiliencehub\1.12.776\aws-java-sdk-resiliencehub-1.12.776.jar;C:\Users\VPAVAN\.m2\repository\com\amazonaws\aws-java-sdk-chimesdkmeetings\1.12.776\aws-java-sdk-chimesdkmeetings-1.12.776.jar;C:\Users\VPAVAN\.m2\repository\com\amazonaws\aws-java-sdk-panorama\1.12.776\aws-java-sdk-panorama-1.12.776.jar;C:\Users\VPAVAN\.m2\repository\com\amazonaws\aws-java-sdk-managedgrafana\1.12.776\aws-java-sdk-managedgrafana-1.12.776.jar;C:\Users\VPAVAN\.m2\repository\com\amazonaws\aws-java-sdk-cloudcontrolapi\1.12.776\aws-java-sdk-cloudcontrolapi-1.12.776.jar;C:\Users\VPAVAN\.m2\repository\com\amazonaws\aws-java-sdk-account\1.12.776\aws-java-sdk-account-1.12.776.jar;C:\Users\VPAVAN\.m2\repository\com\amazonaws\aws-java-sdk-voiceid\1.12.776\aws-java-sdk-voiceid-1.12.776.jar;C:\Users\VPAVAN\.m2\repository\com\amazonaws\aws-java-sdk-connectwisdom\1.12.776\aws-java-sdk-connectwisdom-1.12.776.jar;C:\Users\VPAVAN\.m2\repository\com\amazonaws\aws-java-sdk-kafkaconnect\1.12.776\aws-java-sdk-kafkaconnect-1.12.776.jar;C:\Users\VPAVAN\.m2\repository\com\amazonaws\aws-java-sdk-opensearch\1.12.776\aws-java-sdk-opensearch-1.12.776.jar;C:\Users\VPAVAN\.m2\repository\com\amazonaws\aws-java-sdk-memorydb\1.12.776\aws-java-sdk-memorydb-1.12.776.jar;C:\Users\VPAVAN\.m2\repository\com\amazonaws\aws-java-sdk-snowdevicemanagement\1.12.776\aws-java-sdk-snowdevicemanagement-1.12.776.jar;C:\Users\VPAVAN\.m2\repository\com\amazonaws\aws-java-sdk-chimesdkidentity\1.12.776\aws-java-sdk-chimesdkidentity-1.12.776.jar;C:\Users\VPAVAN\.m2\repository\com\amazonaws\aws-java-sdk-chimesdkmessaging\1.12.776\aws-java-sdk-chimesdkmessaging-1.12.776.jar;C:\Users\VPAVAN\.m2\repository\com\amazonaws\aws-java-sdk-route53recoverycluster\1.12.776\aws-java-sdk-route53recoverycluster-1.12.776.jar;C:\Users\VPAVAN\.m2\repository\com\amazonaws\aws-java-sdk-route53recoverycontrolconfig\1.12.776\aws-java-sdk-route53recoverycontrolconfig-1.12.776.jar;C:\Users\VPAVAN\.m2\repository\com\amazonaws\aws-java-sdk-route53recoveryreadiness\1.12.776\aws-java-sdk-route53recoveryreadiness-1.12.776.jar;C:\Users\VPAVAN\.m2\repository\com\amazonaws\aws-java-sdk-proton\1.12.776\aws-java-sdk-proton-1.12.776.jar;C:\Users\VPAVAN\.m2\repository\com\amazonaws\aws-java-sdk-apprunner\1.12.776\aws-java-sdk-apprunner-1.12.776.jar;C:\Users\VPAVAN\.m2\repository\com\amazonaws\aws-java-sdk-applicationcostprofiler\1.12.776\aws-java-sdk-applicationcostprofiler-1.12.776.jar;C:\Users\VPAVAN\.m2\repository\com\amazonaws\aws-java-sdk-ssmcontacts\1.12.776\aws-java-sdk-ssmcontacts-1.12.776.jar;C:\Users\VPAVAN\.m2\repository\com\amazonaws\aws-java-sdk-ssmincidents\1.12.776\aws-java-sdk-ssmincidents-1.12.776.jar;C:\Users\VPAVAN\.m2\repository\com\amazonaws\aws-java-sdk-finspacedata\1.12.776\aws-java-sdk-finspacedata-1.12.776.jar;C:\Users\VPAVAN\.m2\repository\com\amazonaws\aws-java-sdk-finspace\1.12.776\aws-java-sdk-finspace-1.12.776.jar;C:\Users\VPAVAN\.m2\repository\com\amazonaws\aws-java-sdk-nimblestudio\1.12.776\aws-java-sdk-nimblestudio-1.12.776.jar;C:\Users\VPAVAN\.m2\repository\com\amazonaws\aws-java-sdk-lookoutequipment\1.12.776\aws-java-sdk-lookoutequipment-1.12.776.jar;C:\Users\VPAVAN\.m2\repository\com\amazonaws\aws-java-sdk-mgn\1.12.776\aws-java-sdk-mgn-1.12.776.jar;C:\Users\VPAVAN\.m2\repository\com\amazonaws\aws-java-sdk-lookoutmetrics\1.12.776\aws-java-sdk-lookoutmetrics-1.12.776.jar;C:\Users\VPAVAN\.m2\repository\com\amazonaws\aws-java-sdk-fis\1.12.776\aws-java-sdk-fis-1.12.776.jar;C:\Users\VPAVAN\.m2\repository\com\amazonaws\aws-java-sdk-lexmodelsv2\1.12.776\aws-java-sdk-lexmodelsv2-1.12.776.jar;C:\Users\VPAVAN\.m2\repository\com\amazonaws\aws-java-sdk-lexruntimev2\1.12.776\aws-java-sdk-lexruntimev2-1.12.776.jar;C:\Users\VPAVAN\.m2\repository\com\amazonaws\aws-java-sdk-wellarchitected\1.12.776\aws-java-sdk-wellarchitected-1.12.776.jar;C:\Users\VPAVAN\.m2\repository\com\amazonaws\aws-java-sdk-location\1.12.776\aws-java-sdk-location-1.12.776.jar;C:\Users\VPAVAN\.m2\repository\com\amazonaws\aws-java-sdk-iotdeviceadvisor\1.12.776\aws-java-sdk-iotdeviceadvisor-1.12.776.jar;C:\Users\VPAVAN\.m2\repository\com\amazonaws\aws-java-sdk-iotfleethub\1.12.776\aws-java-sdk-iotfleethub-1.12.776.jar;C:\Users\VPAVAN\.m2\repository\com\amazonaws\aws-java-sdk-iotwireless\1.12.776\aws-java-sdk-iotwireless-1.12.776.jar;C:\Users\VPAVAN\.m2\repository\com\amazonaws\aws-java-sdk-greengrassv2\1.12.776\aws-java-sdk-greengrassv2-1.12.776.jar;C:\Users\VPAVAN\.m2\repository\com\amazonaws\aws-java-sdk-prometheus\1.12.776\aws-java-sdk-prometheus-1.12.776.jar;C:\Users\VPAVAN\.m2\repository\com\amazonaws\aws-java-sdk-auditmanager\1.12.776\aws-java-sdk-auditmanager-1.12.776.jar;C:\Users\VPAVAN\.m2\repository\com\amazonaws\aws-java-sdk-healthlake\1.12.776\aws-java-sdk-healthlake-1.12.776.jar;C:\Users\VPAVAN\.m2\repository\com\amazonaws\aws-java-sdk-sagemakeredgemanager\1.12.776\aws-java-sdk-sagemakeredgemanager-1.12.776.jar;C:\Users\VPAVAN\.m2\repository\com\amazonaws\aws-java-sdk-emrcontainers\1.12.776\aws-java-sdk-emrcontainers-1.12.776.jar;C:\Users\VPAVAN\.m2\repository\com\amazonaws\aws-java-sdk-customerprofiles\1.12.776\aws-java-sdk-customerprofiles-1.12.776.jar;C:\Users\VPAVAN\.m2\repository\com\amazonaws\aws-java-sdk-lookoutforvision\1.12.776\aws-java-sdk-lookoutforvision-1.12.776.jar;C:\Users\VPAVAN\.m2\repository\com\amazonaws\aws-java-sdk-connectcontactlens\1.12.776\aws-java-sdk-connectcontactlens-1.12.776.jar;C:\Users\VPAVAN\.m2\repository\com\amazonaws\aws-java-sdk-amplifybackend\1.12.776\aws-java-sdk-amplifybackend-1.12.776.jar;C:\Users\VPAVAN\.m2\repository\com\amazonaws\aws-java-sdk-ecrpublic\1.12.776\aws-java-sdk-ecrpublic-1.12.776.jar;C:\Users\VPAVAN\.m2\repository\com\amazonaws\aws-java-sdk-appintegrations\1.12.776\aws-java-sdk-appintegrations-1.12.776.jar;C:\Users\VPAVAN\.m2\repository\com\amazonaws\aws-java-sdk-sagemakerfeaturestoreruntime\1.12.776\aws-java-sdk-sagemakerfeaturestoreruntime-1.12.776.jar;C:\Users\VPAVAN\.m2\repository\com\amazonaws\aws-java-sdk-devopsguru\1.12.776\aws-java-sdk-devopsguru-1.12.776.jar;C:\Users\VPAVAN\.m2\repository\com\amazonaws\aws-java-sdk-mwaa\1.12.776\aws-java-sdk-mwaa-1.12.776.jar;C:\Users\VPAVAN\.m2\repository\com\amazonaws\aws-java-sdk-networkfirewall\1.12.776\aws-java-sdk-networkfirewall-1.12.776.jar;C:\Users\VPAVAN\.m2\repository\com\amazonaws\aws-java-sdk-appregistry\1.12.776\aws-java-sdk-appregistry-1.12.776.jar;C:\Users\VPAVAN\.m2\repository\com\amazonaws\aws-java-sdk-gluedatabrew\1.12.776\aws-java-sdk-gluedatabrew-1.12.776.jar;C:\Users\VPAVAN\.m2\repository\com\amazonaws\aws-java-sdk-s3outposts\1.12.776\aws-java-sdk-s3outposts-1.12.776.jar;C:\Users\VPAVAN\.m2\repository\com\amazonaws\aws-java-sdk-timestreamquery\1.12.776\aws-java-sdk-timestreamquery-1.12.776.jar;C:\Users\VPAVAN\.m2\repository\com\amazonaws\aws-java-sdk-timestreamwrite\1.12.776\aws-java-sdk-timestreamwrite-1.12.776.jar;C:\Users\VPAVAN\.m2\repository\com\amazonaws\aws-java-sdk-ssoadmin\1.12.776\aws-java-sdk-ssoadmin-1.12.776.jar;C:\Users\VPAVAN\.m2\repository\com\amazonaws\aws-java-sdk-redshiftdataapi\1.12.776\aws-java-sdk-redshiftdataapi-1.12.776.jar;C:\Users\VPAVAN\.m2\repository\com\amazonaws\aws-java-sdk-appflow\1.12.776\aws-java-sdk-appflow-1.12.776.jar;C:\Users\VPAVAN\.m2\repository\com\amazonaws\aws-java-sdk-identitystore\1.12.776\aws-java-sdk-identitystore-1.12.776.jar;C:\Users\VPAVAN\.m2\repository\com\amazonaws\aws-java-sdk-braket\1.12.776\aws-java-sdk-braket-1.12.776.jar;C:\Users\VPAVAN\.m2\repository\com\amazonaws\aws-java-sdk-ivs\1.12.776\aws-java-sdk-ivs-1.12.776.jar;C:\Users\VPAVAN\.m2\repository\com\amazonaws\aws-java-sdk-codeartifact\1.12.776\aws-java-sdk-codeartifact-1.12.776.jar;C:\Users\VPAVAN\.m2\repository\com\amazonaws\aws-java-sdk-macie2\1.12.776\aws-java-sdk-macie2-1.12.776.jar;C:\Users\VPAVAN\.m2\repository\com\amazonaws\aws-java-sdk-iotsitewise\1.12.776\aws-java-sdk-iotsitewise-1.12.776.jar;C:\Users\VPAVAN\.m2\repository\com\amazonaws\aws-java-sdk-synthetics\1.12.776\aws-java-sdk-synthetics-1.12.776.jar;C:\Users\VPAVAN\.m2\repository\com\amazonaws\aws-java-sdk-codestarconnections\1.12.776\aws-java-sdk-codestarconnections-1.12.776.jar;C:\Users\VPAVAN\.m2\repository\com\amazonaws\aws-java-sdk-detective\1.12.776\aws-java-sdk-detective-1.12.776.jar;C:\Users\VPAVAN\.m2\repository\com\amazonaws\aws-java-sdk-kinesisvideosignalingchannels\1.12.776\aws-java-sdk-kinesisvideosignalingchannels-1.12.776.jar;C:\Users\VPAVAN\.m2\repository\com\amazonaws\aws-java-sdk-ebs\1.12.776\aws-java-sdk-ebs-1.12.776.jar;C:\Users\VPAVAN\.m2\repository\com\amazonaws\aws-java-sdk-augmentedairuntime\1.12.776\aws-java-sdk-augmentedairuntime-1.12.776.jar;C:\Users\VPAVAN\.m2\repository\com\amazonaws\aws-java-sdk-outposts\1.12.776\aws-java-sdk-outposts-1.12.776.jar;C:\Users\VPAVAN\.m2\repository\com\amazonaws\aws-java-sdk-codeguruprofiler\1.12.776\aws-java-sdk-codeguruprofiler-1.12.776.jar;C:\Users\VPAVAN\.m2\repository\com\amazonaws\aws-java-sdk-codegurureviewer\1.12.776\aws-java-sdk-codegurureviewer-1.12.776.jar;C:\Users\VPAVAN\.m2\repository\com\amazonaws\aws-java-sdk-frauddetector\1.12.776\aws-java-sdk-frauddetector-1.12.776.jar;C:\Users\VPAVAN\.m2\repository\com\amazonaws\aws-java-sdk-kendra\1.12.776\aws-java-sdk-kendra-1.12.776.jar;C:\Users\VPAVAN\.m2\repository\com\amazonaws\aws-java-sdk-networkmanager\1.12.776\aws-java-sdk-networkmanager-1.12.776.jar;C:\Users\VPAVAN\.m2\repository\com\amazonaws\aws-java-sdk-computeoptimizer\1.12.776\aws-java-sdk-computeoptimizer-1.12.776.jar;C:\Users\VPAVAN\.m2\repository\com\amazonaws\aws-java-sdk-accessanalyzer\1.12.776\aws-java-sdk-accessanalyzer-1.12.776.jar;C:\Users\VPAVAN\.m2\repository\com\amazonaws\aws-java-sdk-schemas\1.12.776\aws-java-sdk-schemas-1.12.776.jar;C:\Users\VPAVAN\.m2\repository\com\amazonaws\aws-java-sdk-imagebuilder\1.12.776\aws-java-sdk-imagebuilder-1.12.776.jar;C:\Users\VPAVAN\.m2\repository\com\amazonaws\aws-java-sdk-elasticinference\1.12.776\aws-java-sdk-elasticinference-1.12.776.jar;C:\Users\VPAVAN\.m2\repository\com\amazonaws\aws-java-sdk-iotsecuretunneling\1.12.776\aws-java-sdk-iotsecuretunneling-1.12.776.jar;C:\Users\VPAVAN\.m2\repository\com\amazonaws\aws-java-sdk-appconfig\1.12.776\aws-java-sdk-appconfig-1.12.776.jar;C:\Users\VPAVAN\.m2\repository\com\amazonaws\aws-java-sdk-wafv2\1.12.776\aws-java-sdk-wafv2-1.12.776.jar;C:\Users\VPAVAN\.m2\repository\com\amazonaws\aws-java-sdk-connectparticipant\1.12.776\aws-java-sdk-connectparticipant-1.12.776.jar;C:\Users\VPAVAN\.m2\repository\com\amazonaws\aws-java-sdk-migrationhubconfig\1.12.776\aws-java-sdk-migrationhubconfig-1.12.776.jar;C:\Users\VPAVAN\.m2\repository\com\amazonaws\aws-java-sdk-dataexchange\1.12.776\aws-java-sdk-dataexchange-1.12.776.jar;C:\Users\VPAVAN\.m2\repository\com\amazonaws\aws-java-sdk-sesv2\1.12.776\aws-java-sdk-sesv2-1.12.776.jar;C:\Users\VPAVAN\.m2\repository\com\amazonaws\aws-java-sdk-marketplacecatalog\1.12.776\aws-java-sdk-marketplacecatalog-1.12.776.jar;C:\Users\VPAVAN\.m2\repository\com\amazonaws\aws-java-sdk-ssooidc\1.12.776\aws-java-sdk-ssooidc-1.12.776.jar;C:\Users\VPAVAN\.m2\repository\com\amazonaws\aws-java-sdk-sso\1.12.776\aws-java-sdk-sso-1.12.776.jar;C:\Users\VPAVAN\.m2\repository\com\amazonaws\aws-java-sdk-savingsplans\1.12.776\aws-java-sdk-savingsplans-1.12.776.jar;C:\Users\VPAVAN\.m2\repository\com\amazonaws\aws-java-sdk-codestarnotifications\1.12.776\aws-java-sdk-codestarnotifications-1.12.776.jar;C:\Users\VPAVAN\.m2\repository\com\amazonaws\aws-java-sdk-workmailmessageflow\1.12.776\aws-java-sdk-workmailmessageflow-1.12.776.jar;C:\Users\VPAVAN\.m2\repository\com\amazonaws\aws-java-sdk-qldbsession\1.12.776\aws-java-sdk-qldbsession-1.12.776.jar;C:\Users\VPAVAN\.m2\repository\com\amazonaws\aws-java-sdk-qldb\1.12.776\aws-java-sdk-qldb-1.12.776.jar;C:\Users\VPAVAN\.m2\repository\com\amazonaws\aws-java-sdk-forecastquery\1.12.776\aws-java-sdk-forecastquery-1.12.776.jar;C:\Users\VPAVAN\.m2\repository\com\amazonaws\aws-java-sdk-forecast\1.12.776\aws-java-sdk-forecast-1.12.776.jar;C:\Users\VPAVAN\.m2\repository\com\amazonaws\aws-java-sdk-lakeformation\1.12.776\aws-java-sdk-lakeformation-1.12.776.jar;C:\Users\VPAVAN\.m2\repository\com\amazonaws\aws-java-sdk-eventbridge\1.12.776\aws-java-sdk-eventbridge-1.12.776.jar;C:\Users\VPAVAN\.m2\repository\com\amazonaws\aws-java-sdk-ec2instanceconnect\1.12.776\aws-java-sdk-ec2instanceconnect-1.12.776.jar;C:\Users\VPAVAN\.m2\repository\com\amazonaws\aws-java-sdk-applicationinsights\1.12.776\aws-java-sdk-applicationinsights-1.12.776.jar;C:\Users\VPAVAN\.m2\repository\com\amazonaws\aws-java-sdk-servicequotas\1.12.776\aws-java-sdk-servicequotas-1.12.776.jar;C:\Users\VPAVAN\.m2\repository\com\amazonaws\aws-java-sdk-personalizeevents\1.12.776\aws-java-sdk-personalizeevents-1.12.776.jar;C:\Users\VPAVAN\.m2\repository\com\amazonaws\aws-java-sdk-personalize\1.12.776\aws-java-sdk-personalize-1.12.776.jar;C:\Users\VPAVAN\.m2\repository\com\amazonaws\aws-java-sdk-personalizeruntime\1.12.776\aws-java-sdk-personalizeruntime-1.12.776.jar;C:\Users\VPAVAN\.m2\repository\com\amazonaws\aws-java-sdk-ioteventsdata\1.12.776\aws-java-sdk-ioteventsdata-1.12.776.jar;C:\Users\VPAVAN\.m2\repository\com\amazonaws\aws-java-sdk-iotevents\1.12.776\aws-java-sdk-iotevents-1.12.776.jar;C:\Users\VPAVAN\.m2\repository\com\amazonaws\aws-java-sdk-iotthingsgraph\1.12.776\aws-java-sdk-iotthingsgraph-1.12.776.jar;C:\Users\VPAVAN\.m2\repository\com\amazonaws\aws-java-sdk-groundstation\1.12.776\aws-java-sdk-groundstation-1.12.776.jar;C:\Users\VPAVAN\.m2\repository\com\amazonaws\aws-java-sdk-mediapackagevod\1.12.776\aws-java-sdk-mediapackagevod-1.12.776.jar;C:\Users\VPAVAN\.m2\repository\com\amazonaws\aws-java-sdk-managedblockchain\1.12.776\aws-java-sdk-managedblockchain-1.12.776.jar;C:\Users\VPAVAN\.m2\repository\com\amazonaws\aws-java-sdk-textract\1.12.776\aws-java-sdk-textract-1.12.776.jar;C:\Users\VPAVAN\.m2\repository\com\amazonaws\aws-java-sdk-worklink\1.12.776\aws-java-sdk-worklink-1.12.776.jar;C:\Users\VPAVAN\.m2\repository\com\amazonaws\aws-java-sdk-backup\1.12.776\aws-java-sdk-backup-1.12.776.jar;C:\Users\VPAVAN\.m2\repository\com\amazonaws\aws-java-sdk-docdb\1.12.776\aws-java-sdk-docdb-1.12.776.jar;C:\Users\VPAVAN\.m2\repository\com\amazonaws\aws-java-sdk-apigatewayv2\1.12.776\aws-java-sdk-apigatewayv2-1.12.776.jar;C:\Users\VPAVAN\.m2\repository\com\amazonaws\aws-java-sdk-apigatewaymanagementapi\1.12.776\aws-java-sdk-apigatewaymanagementapi-1.12.776.jar;C:\Users\VPAVAN\.m2\repository\com\amazonaws\aws-java-sdk-kafka\1.12.776\aws-java-sdk-kafka-1.12.776.jar;C:\Users\VPAVAN\.m2\repository\com\amazonaws\aws-java-sdk-appmesh\1.12.776\aws-java-sdk-appmesh-1.12.776.jar;C:\Users\VPAVAN\.m2\repository\com\amazonaws\aws-java-sdk-licensemanager\1.12.776\aws-java-sdk-licensemanager-1.12.776.jar;C:\Users\VPAVAN\.m2\repository\com\amazonaws\aws-java-sdk-securityhub\1.12.776\aws-java-sdk-securityhub-1.12.776.jar;C:\Users\VPAVAN\.m2\repository\com\amazonaws\aws-java-sdk-fsx\1.12.776\aws-java-sdk-fsx-1.12.776.jar;C:\Users\VPAVAN\.m2\repository\com\amazonaws\aws-java-sdk-mediaconnect\1.12.776\aws-java-sdk-mediaconnect-1.12.776.jar;C:\Users\VPAVAN\.m2\repository\com\amazonaws\aws-java-sdk-kinesisanalyticsv2\1.12.776\aws-java-sdk-kinesisanalyticsv2-1.12.776.jar;C:\Users\VPAVAN\.m2\repository\com\amazonaws\aws-java-sdk-comprehendmedical\1.12.776\aws-java-sdk-comprehendmedical-1.12.776.jar;C:\Users\VPAVAN\.m2\repository\com\amazonaws\aws-java-sdk-globalaccelerator\1.12.776\aws-java-sdk-globalaccelerator-1.12.776.jar;C:\Users\VPAVAN\.m2\repository\com\amazonaws\aws-java-sdk-transfer\1.12.776\aws-java-sdk-transfer-1.12.776.jar;C:\Users\VPAVAN\.m2\repository\com\amazonaws\aws-java-sdk-datasync\1.12.776\aws-java-sdk-datasync-1.12.776.jar;C:\Users\VPAVAN\.m2\repository\com\amazonaws\aws-java-sdk-robomaker\1.12.776\aws-java-sdk-robomaker-1.12.776.jar;C:\Users\VPAVAN\.m2\repository\com\amazonaws\aws-java-sdk-amplify\1.12.776\aws-java-sdk-amplify-1.12.776.jar;C:\Users\VPAVAN\.m2\repository\com\amazonaws\aws-java-sdk-quicksight\1.12.776\aws-java-sdk-quicksight-1.12.776.jar;C:\Users\VPAVAN\.m2\repository\com\amazonaws\aws-java-sdk-rdsdata\1.12.776\aws-java-sdk-rdsdata-1.12.776.jar;C:\Users\VPAVAN\.m2\repository\com\amazonaws\aws-java-sdk-route53resolver\1.12.776\aws-java-sdk-route53resolver-1.12.776.jar;C:\Users\VPAVAN\.m2\repository\com\amazonaws\aws-java-sdk-ram\1.12.776\aws-java-sdk-ram-1.12.776.jar;C:\Users\VPAVAN\.m2\repository\com\amazonaws\aws-java-sdk-s3control\1.12.776\aws-java-sdk-s3control-1.12.776.jar;C:\Users\VPAVAN\.m2\repository\com\amazonaws\aws-java-sdk-pinpointsmsvoice\1.12.776\aws-java-sdk-pinpointsmsvoice-1.12.776.jar;C:\Users\VPAVAN\.m2\repository\com\amazonaws\aws-java-sdk-pinpointemail\1.12.776\aws-java-sdk-pinpointemail-1.12.776.jar;C:\Users\VPAVAN\.m2\repository\com\amazonaws\aws-java-sdk-chime\1.12.776\aws-java-sdk-chime-1.12.776.jar;C:\Users\VPAVAN\.m2\repository\com\amazonaws\aws-java-sdk-signer\1.12.776\aws-java-sdk-signer-1.12.776.jar;C:\Users\VPAVAN\.m2\repository\com\amazonaws\aws-java-sdk-dlm\1.12.776\aws-java-sdk-dlm-1.12.776.jar;C:\Users\VPAVAN\.m2\repository\com\amazonaws\aws-java-sdk-eks\1.12.776\aws-java-sdk-eks-1.12.776.jar;C:\Users\VPAVAN\.m2\repository\com\amazonaws\aws-java-sdk-mediatailor\1.12.776\aws-java-sdk-mediatailor-1.12.776.jar;C:\Users\VPAVAN\.m2\repository\com\amazonaws\aws-java-sdk-neptune\1.12.776\aws-java-sdk-neptune-1.12.776.jar;C:\Users\VPAVAN\.m2\repository\com\amazonaws\aws-java-sdk-pi\1.12.776\aws-java-sdk-pi-1.12.776.jar;C:\Users\VPAVAN\.m2\repository\com\amazonaws\aws-java-sdk-iot1clickprojects\1.12.776\aws-java-sdk-iot1clickprojects-1.12.776.jar;C:\Users\VPAVAN\.m2\repository\com\amazonaws\aws-java-sdk-iot1clickdevices\1.12.776\aws-java-sdk-iot1clickdevices-1.12.776.jar;C:\Users\VPAVAN\.m2\repository\com\amazonaws\aws-java-sdk-iotanalytics\1.12.776\aws-java-sdk-iotanalytics-1.12.776.jar;C:\Users\VPAVAN\.m2\repository\com\amazonaws\aws-java-sdk-acmpca\1.12.776\aws-java-sdk-acmpca-1.12.776.jar;C:\Users\VPAVAN\.m2\repository\com\amazonaws\aws-java-sdk-secretsmanager\1.12.776\aws-java-sdk-secretsmanager-1.12.776.jar;C:\Users\VPAVAN\.m2\repository\com\amazonaws\aws-java-sdk-fms\1.12.776\aws-java-sdk-fms-1.12.776.jar;C:\Users\VPAVAN\.m2\repository\com\amazonaws\aws-java-sdk-connect\1.12.776\aws-java-sdk-connect-1.12.776.jar;C:\Users\VPAVAN\.m2\repository\com\amazonaws\aws-java-sdk-transcribe\1.12.776\aws-java-sdk-transcribe-1.12.776.jar;C:\Users\VPAVAN\.m2\repository\com\amazonaws\aws-java-sdk-autoscalingplans\1.12.776\aws-java-sdk-autoscalingplans-1.12.776.jar;C:\Users\VPAVAN\.m2\repository\com\amazonaws\aws-java-sdk-workmail\1.12.776\aws-java-sdk-workmail-1.12.776.jar;C:\Users\VPAVAN\.m2\repository\com\amazonaws\aws-java-sdk-servicediscovery\1.12.776\aws-java-sdk-servicediscovery-1.12.776.jar;C:\Users\VPAVAN\.m2\repository\com\amazonaws\aws-java-sdk-cloud9\1.12.776\aws-java-sdk-cloud9-1.12.776.jar;C:\Users\VPAVAN\.m2\repository\com\amazonaws\aws-java-sdk-serverlessapplicationrepository\1.12.776\aws-java-sdk-serverlessapplicationrepository-1.12.776.jar;C:\Users\VPAVAN\.m2\repository\com\amazonaws\aws-java-sdk-resourcegroups\1.12.776\aws-java-sdk-resourcegroups-1.12.776.jar;C:\Users\VPAVAN\.m2\repository\com\amazonaws\aws-java-sdk-comprehend\1.12.776\aws-java-sdk-comprehend-1.12.776.jar;C:\Users\VPAVAN\.m2\repository\com\amazonaws\aws-java-sdk-translate\1.12.776\aws-java-sdk-translate-1.12.776.jar;C:\Users\VPAVAN\.m2\repository\com\amazonaws\aws-java-sdk-sagemaker\1.12.776\aws-java-sdk-sagemaker-1.12.776.jar;C:\Users\VPAVAN\.m2\repository\com\amazonaws\aws-java-sdk-iotjobsdataplane\1.12.776\aws-java-sdk-iotjobsdataplane-1.12.776.jar;C:\Users\VPAVAN\.m2\repository\com\amazonaws\aws-java-sdk-sagemakerruntime\1.12.776\aws-java-sdk-sagemakerruntime-1.12.776.jar;C:\Users\VPAVAN\.m2\repository\com\amazonaws\aws-java-sdk-kinesisvideo\1.12.776\aws-java-sdk-kinesisvideo-1.12.776.jar;C:\Users\VPAVAN\.m2\repository\io\netty\netty-codec-http\4.1.108.Final\netty-codec-http-4.1.108.Final.jar;C:\Users\VPAVAN\.m2\repository\io\netty\netty-handler\4.1.108.Final\netty-handler-4.1.108.Final.jar;C:\Users\VPAVAN\.m2\repository\io\netty\netty-transport-native-unix-common\4.1.108.Final\netty-transport-native-unix-common-4.1.108.Final.jar;C:\Users\VPAVAN\.m2\repository\com\amazonaws\aws-java-sdk-appsync\1.12.776\aws-java-sdk-appsync-1.12.776.jar;C:\Users\VPAVAN\.m2\repository\com\amazonaws\aws-java-sdk-guardduty\1.12.776\aws-java-sdk-guardduty-1.12.776.jar;C:\Users\VPAVAN\.m2\repository\com\amazonaws\aws-java-sdk-mq\1.12.776\aws-java-sdk-mq-1.12.776.jar;C:\Users\VPAVAN\.m2\repository\com\amazonaws\aws-java-sdk-mediaconvert\1.12.776\aws-java-sdk-mediaconvert-1.12.776.jar;C:\Users\VPAVAN\.m2\repository\com\amazonaws\aws-java-sdk-mediastore\1.12.776\aws-java-sdk-mediastore-1.12.776.jar;C:\Users\VPAVAN\.m2\repository\com\amazonaws\aws-java-sdk-mediastoredata\1.12.776\aws-java-sdk-mediastoredata-1.12.776.jar;C:\Users\VPAVAN\.m2\repository\com\amazonaws\aws-java-sdk-medialive\1.12.776\aws-java-sdk-medialive-1.12.776.jar;C:\Users\VPAVAN\.m2\repository\com\amazonaws\aws-java-sdk-mediapackage\1.12.776\aws-java-sdk-mediapackage-1.12.776.jar;C:\Users\VPAVAN\.m2\repository\com\amazonaws\aws-java-sdk-costexplorer\1.12.776\aws-java-sdk-costexplorer-1.12.776.jar;C:\Users\VPAVAN\.m2\repository\com\amazonaws\aws-java-sdk-pricing\1.12.776\aws-java-sdk-pricing-1.12.776.jar;C:\Users\VPAVAN\.m2\repository\com\amazonaws\aws-java-sdk-cloudhsmv2\1.12.776\aws-java-sdk-cloudhsmv2-1.12.776.jar;C:\Users\VPAVAN\.m2\repository\com\amazonaws\aws-java-sdk-glue\1.12.776\aws-java-sdk-glue-1.12.776.jar;C:\Users\VPAVAN\.m2\repository\com\amazonaws\aws-java-sdk-migrationhub\1.12.776\aws-java-sdk-migrationhub-1.12.776.jar;C:\Users\VPAVAN\.m2\repository\com\amazonaws\aws-java-sdk-dax\1.12.776\aws-java-sdk-dax-1.12.776.jar;C:\Users\VPAVAN\.m2\repository\com\amazonaws\aws-java-sdk-greengrass\1.12.776\aws-java-sdk-greengrass-1.12.776.jar;C:\Users\VPAVAN\.m2\repository\com\amazonaws\aws-java-sdk-athena\1.12.776\aws-java-sdk-athena-1.12.776.jar;C:\Users\VPAVAN\.m2\repository\com\amazonaws\aws-java-sdk-marketplaceentitlement\1.12.776\aws-java-sdk-marketplaceentitlement-1.12.776.jar;C:\Users\VPAVAN\.m2\repository\com\amazonaws\aws-java-sdk-codestar\1.12.776\aws-java-sdk-codestar-1.12.776.jar;C:\Users\VPAVAN\.m2\repository\com\amazonaws\aws-java-sdk-lexmodelbuilding\1.12.776\aws-java-sdk-lexmodelbuilding-1.12.776.jar;C:\Users\VPAVAN\.m2\repository\com\amazonaws\aws-java-sdk-resourcegroupstaggingapi\1.12.776\aws-java-sdk-resourcegroupstaggingapi-1.12.776.jar;C:\Users\VPAVAN\.m2\repository\com\amazonaws\aws-java-sdk-pinpoint\1.12.776\aws-java-sdk-pinpoint-1.12.776.jar;C:\Users\VPAVAN\.m2\repository\com\amazonaws\aws-java-sdk-xray\1.12.776\aws-java-sdk-xray-1.12.776.jar;C:\Users\VPAVAN\.m2\repository\com\amazonaws\aws-java-sdk-opsworkscm\1.12.776\aws-java-sdk-opsworkscm-1.12.776.jar;C:\Users\VPAVAN\.m2\repository\com\amazonaws\aws-java-sdk-support\1.12.776\aws-java-sdk-support-1.12.776.jar;C:\Users\VPAVAN\.m2\repository\com\amazonaws\aws-java-sdk-simpledb\1.12.776\aws-java-sdk-simpledb-1.12.776.jar;C:\Users\VPAVAN\.m2\repository\com\amazonaws\aws-java-sdk-servicecatalog\1.12.776\aws-java-sdk-servicecatalog-1.12.776.jar;C:\Users\VPAVAN\.m2\repository\com\amazonaws\aws-java-sdk-servermigration\1.12.776\aws-java-sdk-servermigration-1.12.776.jar;C:\Users\VPAVAN\.m2\repository\com\amazonaws\aws-java-sdk-simpleworkflow\1.12.776\aws-java-sdk-simpleworkflow-1.12.776.jar;C:\Users\VPAVAN\.m2\repository\com\amazonaws\aws-java-sdk-storagegateway\1.12.776\aws-java-sdk-storagegateway-1.12.776.jar;C:\Users\VPAVAN\.m2\repository\com\amazonaws\aws-java-sdk-route53\1.12.776\aws-java-sdk-route53-1.12.776.jar;C:\Users\VPAVAN\.m2\repository\com\amazonaws\aws-java-sdk-s3\1.12.776\aws-java-sdk-s3-1.12.776.jar;C:\Users\VPAVAN\.m2\repository\com\amazonaws\aws-java-sdk-importexport\1.12.776\aws-java-sdk-importexport-1.12.776.jar;C:\Users\VPAVAN\.m2\repository\com\amazonaws\aws-java-sdk-sts\1.12.776\aws-java-sdk-sts-1.12.776.jar;C:\Users\VPAVAN\.m2\repository\com\amazonaws\aws-java-sdk-sqs\1.12.776\aws-java-sdk-sqs-1.12.776.jar;C:\Users\VPAVAN\.m2\repository\com\amazonaws\aws-java-sdk-rds\1.12.776\aws-java-sdk-rds-1.12.776.jar;C:\Users\VPAVAN\.m2\repository\com\amazonaws\aws-java-sdk-redshift\1.12.776\aws-java-sdk-redshift-1.12.776.jar;C:\Users\VPAVAN\.m2\repository\com\amazonaws\aws-java-sdk-elasticbeanstalk\1.12.776\aws-java-sdk-elasticbeanstalk-1.12.776.jar;C:\Users\VPAVAN\.m2\repository\com\amazonaws\aws-java-sdk-glacier\1.12.776\aws-java-sdk-glacier-1.12.776.jar;C:\Users\VPAVAN\.m2\repository\com\amazonaws\aws-java-sdk-iam\1.12.776\aws-java-sdk-iam-1.12.776.jar;C:\Users\VPAVAN\.m2\repository\com\amazonaws\aws-java-sdk-datapipeline\1.12.776\aws-java-sdk-datapipeline-1.12.776.jar;C:\Users\VPAVAN\.m2\repository\com\amazonaws\aws-java-sdk-elasticloadbalancing\1.12.776\aws-java-sdk-elasticloadbalancing-1.12.776.jar;C:\Users\VPAVAN\.m2\repository\com\amazonaws\aws-java-sdk-elasticloadbalancingv2\1.12.776\aws-java-sdk-elasticloadbalancingv2-1.12.776.jar;C:\Users\VPAVAN\.m2\repository\com\amazonaws\aws-java-sdk-emr\1.12.776\aws-java-sdk-emr-1.12.776.jar;C:\Users\VPAVAN\.m2\repository\com\amazonaws\aws-java-sdk-elasticache\1.12.776\aws-java-sdk-elasticache-1.12.776.jar;C:\Users\VPAVAN\.m2\repository\com\amazonaws\aws-java-sdk-elastictranscoder\1.12.776\aws-java-sdk-elastictranscoder-1.12.776.jar;C:\Users\VPAVAN\.m2\repository\com\amazonaws\aws-java-sdk-ec2\1.12.776\aws-java-sdk-ec2-1.12.776.jar;C:\Users\VPAVAN\.m2\repository\com\amazonaws\aws-java-sdk-dynamodb\1.12.776\aws-java-sdk-dynamodb-1.12.776.jar;C:\Users\VPAVAN\.m2\repository\com\amazonaws\aws-java-sdk-sns\1.12.776\aws-java-sdk-sns-1.12.776.jar;C:\Users\VPAVAN\.m2\repository\com\amazonaws\aws-java-sdk-budgets\1.12.776\aws-java-sdk-budgets-1.12.776.jar;C:\Users\VPAVAN\.m2\repository\com\amazonaws\aws-java-sdk-cloudtrail\1.12.776\aws-java-sdk-cloudtrail-1.12.776.jar;C:\Users\VPAVAN\.m2\repository\com\amazonaws\aws-java-sdk-cloudwatch\1.12.776\aws-java-sdk-cloudwatch-1.12.776.jar;C:\Users\VPAVAN\.m2\repository\com\amazonaws\aws-java-sdk-logs\1.12.776\aws-java-sdk-logs-1.12.776.jar;C:\Users\VPAVAN\.m2\repository\com\amazonaws\aws-java-sdk-events\1.12.776\aws-java-sdk-events-1.12.776.jar;C:\Users\VPAVAN\.m2\repository\com\amazonaws\aws-java-sdk-cognitoidentity\1.12.776\aws-java-sdk-cognitoidentity-1.12.776.jar;C:\Users\VPAVAN\.m2\repository\com\amazonaws\aws-java-sdk-cognitosync\1.12.776\aws-java-sdk-cognitosync-1.12.776.jar;C:\Users\VPAVAN\.m2\repository\com\amazonaws\aws-java-sdk-directconnect\1.12.776\aws-java-sdk-directconnect-1.12.776.jar;C:\Users\VPAVAN\.m2\repository\com\amazonaws\aws-java-sdk-cloudformation\1.12.776\aws-java-sdk-cloudformation-1.12.776.jar;C:\Users\VPAVAN\.m2\repository\com\amazonaws\aws-java-sdk-cloudfront\1.12.776\aws-java-sdk-cloudfront-1.12.776.jar;C:\Users\VPAVAN\.m2\repository\com\amazonaws\aws-java-sdk-clouddirectory\1.12.776\aws-java-sdk-clouddirectory-1.12.776.jar;C:\Users\VPAVAN\.m2\repository\com\amazonaws\aws-java-sdk-kinesis\1.12.776\aws-java-sdk-kinesis-1.12.776.jar;C:\Users\VPAVAN\.m2\repository\com\amazonaws\aws-java-sdk-opsworks\1.12.776\aws-java-sdk-opsworks-1.12.776.jar;C:\Users\VPAVAN\.m2\repository\com\amazonaws\aws-java-sdk-ses\1.12.776\aws-java-sdk-ses-1.12.776.jar;C:\Users\VPAVAN\.m2\repository\com\amazonaws\aws-java-sdk-autoscaling\1.12.776\aws-java-sdk-autoscaling-1.12.776.jar;C:\Users\VPAVAN\.m2\repository\com\amazonaws\aws-java-sdk-cloudsearch\1.12.776\aws-java-sdk-cloudsearch-1.12.776.jar;C:\Users\VPAVAN\.m2\repository\com\amazonaws\aws-java-sdk-cloudwatchmetrics\1.12.776\aws-java-sdk-cloudwatchmetrics-1.12.776.jar;C:\Users\VPAVAN\.m2\repository\com\amazonaws\aws-java-sdk-codedeploy\1.12.776\aws-java-sdk-codedeploy-1.12.776.jar;C:\Users\VPAVAN\.m2\repository\com\amazonaws\aws-java-sdk-codepipeline\1.12.776\aws-java-sdk-codepipeline-1.12.776.jar;C:\Users\VPAVAN\.m2\repository\com\amazonaws\aws-java-sdk-kms\1.12.776\aws-java-sdk-kms-1.12.776.jar;C:\Users\VPAVAN\.m2\repository\com\amazonaws\aws-java-sdk-config\1.12.776\aws-java-sdk-config-1.12.776.jar;C:\Users\VPAVAN\.m2\repository\com\amazonaws\aws-java-sdk-lambda\1.12.776\aws-java-sdk-lambda-1.12.776.jar;C:\Users\VPAVAN\.m2\repository\com\amazonaws\aws-java-sdk-ecs\1.12.776\aws-java-sdk-ecs-1.12.776.jar;C:\Users\VPAVAN\.m2\repository\com\amazonaws\aws-java-sdk-ecr\1.12.776\aws-java-sdk-ecr-1.12.776.jar;C:\Users\VPAVAN\.m2\repository\com\amazonaws\aws-java-sdk-cloudhsm\1.12.776\aws-java-sdk-cloudhsm-1.12.776.jar;C:\Users\VPAVAN\.m2\repository\com\amazonaws\aws-java-sdk-ssm\1.12.776\aws-java-sdk-ssm-1.12.776.jar;C:\Users\VPAVAN\.m2\repository\com\amazonaws\aws-java-sdk-workspaces\1.12.776\aws-java-sdk-workspaces-1.12.776.jar;C:\Users\VPAVAN\.m2\repository\com\amazonaws\aws-java-sdk-machinelearning\1.12.776\aws-java-sdk-machinelearning-1.12.776.jar;C:\Users\VPAVAN\.m2\repository\com\amazonaws\aws-java-sdk-directory\1.12.776\aws-java-sdk-directory-1.12.776.jar;C:\Users\VPAVAN\.m2\repository\com\amazonaws\aws-java-sdk-efs\1.12.776\aws-java-sdk-efs-1.12.776.jar;C:\Users\VPAVAN\.m2\repository\com\amazonaws\aws-java-sdk-codecommit\1.12.776\aws-java-sdk-codecommit-1.12.776.jar;C:\Users\VPAVAN\.m2\repository\com\amazonaws\aws-java-sdk-devicefarm\1.12.776\aws-java-sdk-devicefarm-1.12.776.jar;C:\Users\VPAVAN\.m2\repository\com\amazonaws\aws-java-sdk-elasticsearch\1.12.776\aws-java-sdk-elasticsearch-1.12.776.jar;C:\Users\VPAVAN\.m2\repository\com\amazonaws\aws-java-sdk-waf\1.12.776\aws-java-sdk-waf-1.12.776.jar;C:\Users\VPAVAN\.m2\repository\com\amazonaws\aws-java-sdk-marketplacecommerceanalytics\1.12.776\aws-java-sdk-marketplacecommerceanalytics-1.12.776.jar;C:\Users\VPAVAN\.m2\repository\com\amazonaws\aws-java-sdk-inspector\1.12.776\aws-java-sdk-inspector-1.12.776.jar;C:\Users\VPAVAN\.m2\repository\com\amazonaws\aws-java-sdk-iot\1.12.776\aws-java-sdk-iot-1.12.776.jar;C:\Users\VPAVAN\.m2\repository\com\amazonaws\aws-java-sdk-api-gateway\1.12.776\aws-java-sdk-api-gateway-1.12.776.jar;C:\Users\VPAVAN\.m2\repository\com\amazonaws\aws-java-sdk-acm\1.12.776\aws-java-sdk-acm-1.12.776.jar;C:\Users\VPAVAN\.m2\repository\com\amazonaws\aws-java-sdk-gamelift\1.12.776\aws-java-sdk-gamelift-1.12.776.jar;C:\Users\VPAVAN\.m2\repository\com\amazonaws\aws-java-sdk-dms\1.12.776\aws-java-sdk-dms-1.12.776.jar;C:\Users\VPAVAN\.m2\repository\com\amazonaws\aws-java-sdk-marketplacemeteringservice\1.12.776\aws-java-sdk-marketplacemeteringservice-1.12.776.jar;C:\Users\VPAVAN\.m2\repository\com\amazonaws\aws-java-sdk-cognitoidp\1.12.776\aws-java-sdk-cognitoidp-1.12.776.jar;C:\Users\VPAVAN\.m2\repository\com\amazonaws\aws-java-sdk-discovery\1.12.776\aws-java-sdk-discovery-1.12.776.jar;C:\Users\VPAVAN\.m2\repository\com\amazonaws\aws-java-sdk-applicationautoscaling\1.12.776\aws-java-sdk-applicationautoscaling-1.12.776.jar;C:\Users\VPAVAN\.m2\repository\com\amazonaws\aws-java-sdk-snowball\1.12.776\aws-java-sdk-snowball-1.12.776.jar;C:\Users\VPAVAN\.m2\repository\com\amazonaws\aws-java-sdk-rekognition\1.12.776\aws-java-sdk-rekognition-1.12.776.jar;C:\Users\VPAVAN\.m2\repository\com\amazonaws\aws-java-sdk-polly\1.12.776\aws-java-sdk-polly-1.12.776.jar;C:\Users\VPAVAN\.m2\repository\com\amazonaws\aws-java-sdk-lightsail\1.12.776\aws-java-sdk-lightsail-1.12.776.jar;C:\Users\VPAVAN\.m2\repository\com\amazonaws\aws-java-sdk-stepfunctions\1.12.776\aws-java-sdk-stepfunctions-1.12.776.jar;C:\Users\VPAVAN\.m2\repository\com\amazonaws\aws-java-sdk-health\1.12.776\aws-java-sdk-health-1.12.776.jar;C:\Users\VPAVAN\.m2\repository\com\amazonaws\aws-java-sdk-costandusagereport\1.12.776\aws-java-sdk-costandusagereport-1.12.776.jar;C:\Users\VPAVAN\.m2\repository\com\amazonaws\aws-java-sdk-codebuild\1.12.776\aws-java-sdk-codebuild-1.12.776.jar;C:\Users\VPAVAN\.m2\repository\com\amazonaws\aws-java-sdk-appstream\1.12.776\aws-java-sdk-appstream-1.12.776.jar;C:\Users\VPAVAN\.m2\repository\com\amazonaws\aws-java-sdk-shield\1.12.776\aws-java-sdk-shield-1.12.776.jar;C:\Users\VPAVAN\.m2\repository\com\amazonaws\aws-java-sdk-batch\1.12.776\aws-java-sdk-batch-1.12.776.jar;C:\Users\VPAVAN\.m2\repository\com\amazonaws\aws-java-sdk-lex\1.12.776\aws-java-sdk-lex-1.12.776.jar;C:\Users\VPAVAN\.m2\repository\com\amazonaws\aws-java-sdk-mechanicalturkrequester\1.12.776\aws-java-sdk-mechanicalturkrequester-1.12.776.jar;C:\Users\VPAVAN\.m2\repository\com\amazonaws\aws-java-sdk-organizations\1.12.776\aws-java-sdk-organizations-1.12.776.jar;C:\Users\VPAVAN\.m2\repository\com\amazonaws\aws-java-sdk-workdocs\1.12.776\aws-java-sdk-workdocs-1.12.776.jar;C:\Users\VPAVAN\.m2\repository\com\amazonaws\aws-java-sdk-core\1.12.776\aws-java-sdk-core-1.12.776.jar;C:\Users\VPAVAN\.m2\repository\com\fasterxml\jackson\dataformat\jackson-dataformat-cbor\2.17.2\jackson-dataformat-cbor-2.17.2.jar;C:\Users\VPAVAN\.m2\repository\joda-time\joda-time\2.12.7\joda-time-2.12.7.jar;C:\Users\VPAVAN\.m2\repository\com\amazonaws\aws-java-sdk-models\1.12.776\aws-java-sdk-models-1.12.776.jar;C:\Users\VPAVAN\.m2\repository\com\amazonaws\aws-java-sdk-swf-libraries\1.11.22\aws-java-sdk-swf-libraries-1.11.22.jar;C:\Users\VPAVAN\.m2\repository\software\amazon\awssdk\http-client-spi\2.28.26\http-client-spi-2.28.26.jar;C:\Users\VPAVAN\.m2\repository\software\amazon\awssdk\annotations\2.28.26\annotations-2.28.26.jar;C:\Users\VPAVAN\.m2\repository\software\amazon\awssdk\utils\2.28.26\utils-2.28.26.jar;C:\Users\VPAVAN\.m2\repository\software\amazon\awssdk\metrics-spi\2.28.26\metrics-spi-2.28.26.jar;C:\Users\VPAVAN\.m2\repository\org\reactivestreams\reactive-streams\1.0.4\reactive-streams-1.0.4.jar;C:\Users\VPAVAN\.m2\repository\software\amazon\awssdk\apache-client\2.28.26\apache-client-2.28.26.jar;C:\Users\VPAVAN\.m2\repository\org\apache\httpcomponents\httpcore\4.4.16\httpcore-4.4.16.jar;C:\Users\VPAVAN\.m2\repository\software\amazon\awssdk\ec2\2.28.26\ec2-2.28.26.jar;C:\Users\VPAVAN\.m2\repository\software\amazon\awssdk\aws-query-protocol\2.28.26\aws-query-protocol-2.28.26.jar;C:\Users\VPAVAN\.m2\repository\software\amazon\awssdk\protocol-core\2.28.26\protocol-core-2.28.26.jar;C:\Users\VPAVAN\.m2\repository\software\amazon\awssdk\http-auth-aws\2.28.26\http-auth-aws-2.28.26.jar;C:\Users\VPAVAN\.m2\repository\software\amazon\awssdk\checksums-spi\2.28.26\checksums-spi-2.28.26.jar;C:\Users\VPAVAN\.m2\repository\software\amazon\awssdk\checksums\2.28.26\checksums-2.28.26.jar;C:\Users\VPAVAN\.m2\repository\software\amazon\awssdk\sdk-core\2.28.26\sdk-core-2.28.26.jar;C:\Users\VPAVAN\.m2\repository\software\amazon\awssdk\retries\2.28.26\retries-2.28.26.jar;C:\Users\VPAVAN\.m2\repository\software\amazon\awssdk\http-auth-spi\2.28.26\http-auth-spi-2.28.26.jar;C:\Users\VPAVAN\.m2\repository\software\amazon\awssdk\http-auth\2.28.26\http-auth-2.28.26.jar;C:\Users\VPAVAN\.m2\repository\software\amazon\awssdk\identity-spi\2.28.26\identity-spi-2.28.26.jar;C:\Users\VPAVAN\.m2\repository\software\amazon\awssdk\aws-core\2.28.26\aws-core-2.28.26.jar;C:\Users\VPAVAN\.m2\repository\software\amazon\awssdk\json-utils\2.28.26\json-utils-2.28.26.jar;C:\Users\VPAVAN\.m2\repository\software\amazon\awssdk\third-party-jackson-core\2.28.26\third-party-jackson-core-2.28.26.jar;C:\Users\VPAVAN\.m2\repository\software\amazon\awssdk\endpoints-spi\2.28.26\endpoints-spi-2.28.26.jar;C:\Users\VPAVAN\.m2\repository\software\amazon\awssdk\retries-spi\2.28.26\retries-spi-2.28.26.jar;C:\Users\VPAVAN\.m2\repository\software\amazon\awssdk\netty-nio-client\2.28.26\netty-nio-client-2.28.26.jar;C:\Users\VPAVAN\.m2\repository\io\netty\netty-codec-http2\4.1.112.Final\netty-codec-http2-4.1.112.Final.jar;C:\Users\VPAVAN\.m2\repository\io\netty\netty-codec\4.1.112.Final\netty-codec-4.1.112.Final.jar;C:\Users\VPAVAN\.m2\repository\io\netty\netty-transport\4.1.112.Final\netty-transport-4.1.112.Final.jar;C:\Users\VPAVAN\.m2\repository\io\netty\netty-common\4.1.112.Final\netty-common-4.1.112.Final.jar;C:\Users\VPAVAN\.m2\repository\io\netty\netty-buffer\4.1.112.Final\netty-buffer-4.1.112.Final.jar;C:\Users\VPAVAN\.m2\repository\io\netty\netty-transport-classes-epoll\4.1.112.Final\netty-transport-classes-epoll-4.1.112.Final.jar;C:\Users\VPAVAN\.m2\repository\io\netty\netty-resolver\4.1.112.Final\netty-resolver-4.1.112.Final.jar;C:\Users\VPAVAN\.m2\repository\software\amazon\awssdk\regions\2.28.26\regions-2.28.26.jar;C:\Users\VPAVAN\.m2\repository\software\amazon\awssdk\profiles\2.28.26\profiles-2.28.26.jar;C:\Users\VPAVAN\.m2\repository\org\slf4j\slf4j-api\1.7.36\slf4j-api-1.7.36.jar;C:\Users\VPAVAN\.m2\repository\io\cucumber\cucumber-junit\7.18.1\cucumber-junit-7.18.1.jar;C:\Users\VPAVAN\.m2\repository\junit\junit\4.13.2\junit-4.13.2.jar;C:\Users\VPAVAN\.m2\repository\org\hamcrest\hamcrest-core\1.3\hamcrest-core-1.3.jar;C:\Users\VPAVAN\.m2\repository\software\amazon\awssdk\auth\2.28.26\auth-2.28.26.jar;C:\Users\VPAVAN\.m2\repository\software\amazon\awssdk\http-auth-aws-eventstream\2.28.26\http-auth-aws-eventstream-2.28.26.jar;C:\Users\VPAVAN\.m2\repository\software\amazon\eventstream\eventstream\1.0.1\eventstream-1.0.1.jar;C:\Users\VPAVAN\.m2\repository\com\fasterxml\jackson\core\jackson-databind\2.16.1\jackson-databind-2.16.1.jar;C:\Users\VPAVAN\.m2\repository\com\fasterxml\jackson\core\jackson-annotations\2.16.1\jackson-annotations-2.16.1.jar;C:\Users\VPAVAN\.m2\repository\com\fasterxml\jackson\core\jackson-core\2.16.1\jackson-core-2.16.1.jar;C:\Users\VPAVAN\.m2\repository\org\testng\testng\7.9.0\testng-7.9.0.jar;C:\Users\VPAVAN\.m2\repository\com\beust\jcommander\1.82\jcommander-1.82.jar;C:\Users\VPAVAN\.m2\repository\org\webjars\jquery\3.7.1\jquery-3.7.1.jar;C:\Users\VPAVAN\.m2\repository\io\cucumber\cucumber-testng\7.15.0\cucumber-testng-7.15.0.jar;C:\Users\VPAVAN\.m2\repository\io\cucumber\cucumber-picocontainer\7.15.0\cucumber-picocontainer-7.15.0.jar;C:\Users\VPAVAN\.m2\repository\org\picocontainer\picocontainer\2.15\picocontainer-2.15.jar;C:\Users\VPAVAN\.m2\repository\io\github\bonigarcia\webdrivermanager\5.6.2\webdrivermanager-5.6.2.jar;C:\Users\VPAVAN\.m2\repository\com\google\code\gson\gson\2.10.1\gson-2.10.1.jar;C:\Users\VPAVAN\.m2\repository\com\github\docker-java\docker-java\3.3.4\docker-java-3.3.4.jar;C:\Users\VPAVAN\.m2\repository\com\github\docker-java\docker-java-core\3.3.4\docker-java-core-3.3.4.jar;C:\Users\VPAVAN\.m2\repository\com\github\docker-java\docker-java-api\3.3.4\docker-java-api-3.3.4.jar;C:\Users\VPAVAN\.m2\repository\org\bouncycastle\bcpkix-jdk18on\1.76\bcpkix-jdk18on-1.76.jar;C:\Users\VPAVAN\.m2\repository\org\bouncycastle\bcprov-jdk18on\1.76\bcprov-jdk18on-1.76.jar;C:\Users\VPAVAN\.m2\repository\org\bouncycastle\bcutil-jdk18on\1.76\bcutil-jdk18on-1.76.jar;C:\Users\VPAVAN\.m2\repository\org\slf4j\jcl-over-slf4j\1.7.30\jcl-over-slf4j-1.7.30.jar;C:\Users\VPAVAN\.m2\repository\com\github\docker-java\docker-java-transport-httpclient5\3.3.4\docker-java-transport-httpclient5-3.3.4.jar;C:\Users\VPAVAN\.m2\repository\com\github\docker-java\docker-java-transport\3.3.4\docker-java-transport-3.3.4.jar;C:\Users\VPAVAN\.m2\repository\net\java\dev\jna\jna\5.13.0\jna-5.13.0.jar;C:\Users\VPAVAN\.m2\repository\org\brotli\dec\0.1.2\dec-0.1.2.jar;C:\Users\VPAVAN\.m2\repository\org\apache\commons\commons-lang3\3.13.0\commons-lang3-3.13.0.jar;C:\Users\VPAVAN\.m2\repository\org\apache\httpcomponents\client5\httpclient5\5.2.1\httpclient5-5.2.1.jar;C:\Users\VPAVAN\.m2\repository\org\apache\httpcomponents\core5\httpcore5\5.2\httpcore5-5.2.jar;C:\Users\VPAVAN\.m2\repository\org\apache\httpcomponents\core5\httpcore5-h2\5.2\httpcore5-h2-5.2.jar;C:\Users\VPAVAN\.m2\repository\org\hamcrest\hamcrest\2.2\hamcrest-2.2.jar;C:\Users\VPAVAN\.m2\repository\org\seleniumhq\selenium\selenium-java\4.16.1\selenium-java-4.16.1.jar;C:\Users\VPAVAN\.m2\repository\org\seleniumhq\selenium\selenium-api\4.16.1\selenium-api-4.16.1.jar;C:\Users\VPAVAN\.m2\repository\org\seleniumhq\selenium\selenium-chrome-driver\4.16.1\selenium-chrome-driver-4.16.1.jar;C:\Users\VPAVAN\.m2\repository\com\google\auto\service\auto-service-annotations\1.1.1\auto-service-annotations-1.1.1.jar;C:\Users\VPAVAN\.m2\repository\org\seleniumhq\selenium\selenium-chromium-driver\4.16.1\selenium-chromium-driver-4.16.1.jar;C:\Users\VPAVAN\.m2\repository\org\seleniumhq\selenium\selenium-json\4.16.1\selenium-json-4.16.1.jar;C:\Users\VPAVAN\.m2\repository\org\seleniumhq\selenium\selenium-manager\4.16.1\selenium-manager-4.16.1.jar;C:\Users\VPAVAN\.m2\repository\org\seleniumhq\selenium\selenium-devtools-v118\4.16.1\selenium-devtools-v118-4.16.1.jar;C:\Users\VPAVAN\.m2\repository\org\seleniumhq\selenium\selenium-devtools-v119\4.16.1\selenium-devtools-v119-4.16.1.jar;C:\Users\VPAVAN\.m2\repository\org\seleniumhq\selenium\selenium-devtools-v120\4.16.1\selenium-devtools-v120-4.16.1.jar;C:\Users\VPAVAN\.m2\repository\org\seleniumhq\selenium\selenium-devtools-v85\4.16.1\selenium-devtools-v85-4.16.1.jar;C:\Users\VPAVAN\.m2\repository\org\seleniumhq\selenium\selenium-edge-driver\4.16.1\selenium-edge-driver-4.16.1.jar;C:\Users\VPAVAN\.m2\repository\org\seleniumhq\selenium\selenium-firefox-driver\4.16.1\selenium-firefox-driver-4.16.1.jar;C:\Users\VPAVAN\.m2\repository\org\seleniumhq\selenium\selenium-http\4.16.1\selenium-http-4.16.1.jar;C:\Users\VPAVAN\.m2\repository\dev\failsafe\failsafe\3.3.2\failsafe-3.3.2.jar;C:\Users\VPAVAN\.m2\repository\org\seleniumhq\selenium\selenium-ie-driver\4.16.1\selenium-ie-driver-4.16.1.jar;C:\Users\VPAVAN\.m2\repository\org\seleniumhq\selenium\selenium-remote-driver\4.16.1\selenium-remote-driver-4.16.1.jar;C:\Users\VPAVAN\.m2\repository\com\google\guava\guava\32.1.2-jre\guava-32.1.2-jre.jar;C:\Users\VPAVAN\.m2\repository\com\google\guava\failureaccess\1.0.1\failureaccess-1.0.1.jar;C:\Users\VPAVAN\.m2\repository\com\google\guava\listenablefuture\9999.0-empty-to-avoid-conflict-with-guava\listenablefuture-9999.0-empty-to-avoid-conflict-with-guava.jar;C:\Users\VPAVAN\.m2\repository\com\google\code\findbugs\jsr305\3.0.2\jsr305-3.0.2.jar;C:\Users\VPAVAN\.m2\repository\org\checkerframework\checker-qual\3.33.0\checker-qual-3.33.0.jar;C:\Users\VPAVAN\.m2\repository\com\google\errorprone\error_prone_annotations\2.18.0\error_prone_annotations-2.18.0.jar;C:\Users\VPAVAN\.m2\repository\com\google\j2objc\j2objc-annotations\2.8\j2objc-annotations-2.8.jar;C:\Users\VPAVAN\.m2\repository\io\opentelemetry\opentelemetry-api\1.28.0\opentelemetry-api-1.28.0.jar;C:\Users\VPAVAN\.m2\repository\io\opentelemetry\opentelemetry-context\1.28.0\opentelemetry-context-1.28.0.jar;C:\Users\VPAVAN\.m2\repository\io\opentelemetry\opentelemetry-exporter-logging\1.28.0\opentelemetry-exporter-logging-1.28.0.jar;C:\Users\VPAVAN\.m2\repository\io\opentelemetry\opentelemetry-sdk-metrics\1.28.0\opentelemetry-sdk-metrics-1.28.0.jar;C:\Users\VPAVAN\.m2\repository\io\opentelemetry\opentelemetry-extension-incubator\1.28.0-alpha\opentelemetry-extension-incubator-1.28.0-alpha.jar;C:\Users\VPAVAN\.m2\repository\io\opentelemetry\opentelemetry-sdk-logs\1.28.0\opentelemetry-sdk-logs-1.28.0.jar;C:\Users\VPAVAN\.m2\repository\io\opentelemetry\opentelemetry-sdk-common\1.28.0\opentelemetry-sdk-common-1.28.0.jar;C:\Users\VPAVAN\.m2\repository\io\opentelemetry\opentelemetry-sdk-extension-autoconfigure-spi\1.28.0\opentelemetry-sdk-extension-autoconfigure-spi-1.28.0.jar;C:\Users\VPAVAN\.m2\repository\io\opentelemetry\opentelemetry-sdk-extension-autoconfigure\1.28.0\opentelemetry-sdk-extension-autoconfigure-1.28.0.jar;C:\Users\VPAVAN\.m2\repository\io\opentelemetry\opentelemetry-api-events\1.28.0-alpha\opentelemetry-api-events-1.28.0-alpha.jar;C:\Users\VPAVAN\.m2\repository\io\opentelemetry\opentelemetry-sdk-trace\1.28.0\opentelemetry-sdk-trace-1.28.0.jar;C:\Users\VPAVAN\.m2\repository\io\opentelemetry\opentelemetry-sdk\1.28.0\opentelemetry-sdk-1.28.0.jar;C:\Users\VPAVAN\.m2\repository\io\opentelemetry\opentelemetry-semconv\1.28.0-alpha\opentelemetry-semconv-1.28.0-alpha.jar;C:\Users\VPAVAN\.m2\repository\net\bytebuddy\byte-buddy\1.14.5\byte-buddy-1.14.5.jar;C:\Users\VPAVAN\.m2\repository\org\seleniumhq\selenium\selenium-os\4.16.1\selenium-os-4.16.1.jar;C:\Users\VPAVAN\.m2\repository\org\apache\commons\commons-exec\1.3\commons-exec-1.3.jar;C:\Users\VPAVAN\.m2\repository\org\seleniumhq\selenium\selenium-safari-driver\4.16.1\selenium-safari-driver-4.16.1.jar;C:\Users\VPAVAN\.m2\repository\org\seleniumhq\selenium\selenium-support\4.16.1\selenium-support-4.16.1.jar;C:\Users\VPAVAN\.m2\repository\com\aventstack\extentreports\5.1.1\extentreports-5.1.1.jar;C:\Users\VPAVAN\.m2\repository\io\reactivex\rxjava3\rxjava\3.1.6\rxjava-3.1.6.jar;C:\Users\VPAVAN\.m2\repository\org\freemarker\freemarker\2.3.32\freemarker-2.3.32.jar;C:\Users\VPAVAN\.m2\repository\org\projectlombok\lombok\1.18.26\lombok-1.18.26.jar;C:\Users\VPAVAN\.m2\repository\tech\grasshopper\extentreports-cucumber7-adapter\1.14.0\extentreports-cucumber7-adapter-1.14.0.jar;C:\Users\VPAVAN\.m2\repository\tech\grasshopper\extent-pdf-report\2.12.0\extent-pdf-report-2.12.0.jar;C:\Users\VPAVAN\.m2\repository\tech\grasshopper\cucumber-pdf-report\2.14.0\cucumber-pdf-report-2.14.0.jar;C:\Users\VPAVAN\.m2\repository\org\apache\pdfbox\pdfbox\2.0.26\pdfbox-2.0.26.jar;C:\Users\VPAVAN\.m2\repository\org\apache\pdfbox\fontbox\2.0.26\fontbox-2.0.26.jar;C:\Users\VPAVAN\.m2\repository\org\knowm\xchart\xchart\3.8.0\xchart-3.8.0.jar;C:\Users\VPAVAN\.m2\repository\de\erichseifert\vectorgraphics2d\VectorGraphics2D\0.13\VectorGraphics2D-0.13.jar;C:\Users\VPAVAN\.m2\repository\de\rototor\pdfbox\graphics2d\0.30\graphics2d-0.30.jar;C:\Users\VPAVAN\.m2\repository\com\madgag\animated-gif-lib\1.4\animated-gif-lib-1.4.jar;C:\Users\VPAVAN\.m2\repository\org\yaml\snakeyaml\2.0\snakeyaml-2.0.jar;C:\Users\VPAVAN\.m2\repository\tech\grasshopper\table-layout\1.5.1\table-layout-1.5.1.jar;C:\Users\VPAVAN\.m2\repository\tech\grasshopper\rest-assured-cucumber-pdf-report\1.5.0\rest-assured-cucumber-pdf-report-1.5.0.jar;C:\Users\VPAVAN\.m2\repository\org\jsoup\jsoup\1.15.3\jsoup-1.15.3.jar;C:\Users\VPAVAN\.m2\repository\com\aventstack\klov-reporter\5.1.0\klov-reporter-5.1.0.jar;C:\Users\VPAVAN\.m2\repository\org\mongodb\mongodb-driver\3.6.4\mongodb-driver-3.6.4.jar;C:\Users\VPAVAN\.m2\repository\org\mongodb\mongodb-driver-core\3.6.4\mongodb-driver-core-3.6.4.jar;C:\Users\VPAVAN\.m2\repository\org\mongodb\bson\3.6.4\bson-3.6.4.jar;C:\Users\VPAVAN\.m2\repository\tech\grasshopper\htmlextentreporter\1.1.0\htmlextentreporter-1.1.0.jar;C:\Users\VPAVAN\.m2\repository\tech\grasshopper\extent-excel-report\1.4.0\extent-excel-report-1.4.0.jar;C:\Users\VPAVAN\.m2\repository\org\json\json\20230618\json-20230618.jar;C:\Users\VPAVAN\.m2\repository\com\jcraft\jsch\0.1.55\jsch-0.1.55.jar;"/>
    <property name="java.vm.vendor" value="Eclipse Adoptium"/>
    <property name="sun.arch.data.model" value="64"/>
    <property name="user.variant" value=""/>
    <property name="java.vendor.url" value="https://adoptium.net/"/>
    <property name="user.timezone" value="Asia/Calcutta"/>
    <property name="os.name" value="Windows 11"/>
    <property name="java.vm.specification.version" value="19"/>
    <property name="sun.java.launcher" value="SUN_STANDARD"/>
    <property name="user.country" value="IN"/>
    <property name="sun.boot.library.path" value="C:\Program Files\Eclipse Adoptium\jdk-19.0.0.36-hotspot\bin"/>
    <property name="sun.java.command" value="C:\Users\VPAVAN\AppData\Local\Temp\surefire16533628838764367749\surefirebooter-20250304171358605_3.jar C:\Users\VPAVAN\AppData\Local\Temp\surefire16533628838764367749 2025-03-04T17-13-58_330-jvmRun1 surefire-20250304171358605_1tmp surefire_0-20250304171358605_2tmp"/>
    <property name="jdk.debug" value="release"/>
    <property name="surefire.test.class.path" value="C:\Users\VPAVAN\ec1\Bdd2\target\test-classes;C:\Users\VPAVAN\ec1\Bdd2\target\classes;C:\Users\VPAVAN\.m2\repository\io\rest-assured\rest-assured\5.4.0\rest-assured-5.4.0.jar;C:\Users\VPAVAN\.m2\repository\org\apache\groovy\groovy\4.0.16\groovy-4.0.16.jar;C:\Users\VPAVAN\.m2\repository\org\apache\groovy\groovy-xml\4.0.16\groovy-xml-4.0.16.jar;C:\Users\VPAVAN\.m2\repository\org\apache\httpcomponents\httpclient\4.5.13\httpclient-4.5.13.jar;C:\Users\VPAVAN\.m2\repository\commons-logging\commons-logging\1.2\commons-logging-1.2.jar;C:\Users\VPAVAN\.m2\repository\org\apache\httpcomponents\httpmime\4.5.13\httpmime-4.5.13.jar;C:\Users\VPAVAN\.m2\repository\org\ccil\cowan\tagsoup\tagsoup\1.2.1\tagsoup-1.2.1.jar;C:\Users\VPAVAN\.m2\repository\io\rest-assured\json-path\5.4.0\json-path-5.4.0.jar;C:\Users\VPAVAN\.m2\repository\org\apache\groovy\groovy-json\4.0.16\groovy-json-4.0.16.jar;C:\Users\VPAVAN\.m2\repository\io\rest-assured\rest-assured-common\5.4.0\rest-assured-common-5.4.0.jar;C:\Users\VPAVAN\.m2\repository\io\rest-assured\xml-path\5.4.0\xml-path-5.4.0.jar;C:\Users\VPAVAN\.m2\repository\io\cucumber\cucumber-java\7.14.0\cucumber-java-7.14.0.jar;C:\Users\VPAVAN\.m2\repository\io\cucumber\cucumber-core\7.14.0\cucumber-core-7.14.0.jar;C:\Users\VPAVAN\.m2\repository\io\cucumber\cucumber-gherkin\7.14.0\cucumber-gherkin-7.14.0.jar;C:\Users\VPAVAN\.m2\repository\io\cucumber\cucumber-gherkin-messages\7.14.0\cucumber-gherkin-messages-7.14.0.jar;C:\Users\VPAVAN\.m2\repository\io\cucumber\gherkin\26.2.0\gherkin-26.2.0.jar;C:\Users\VPAVAN\.m2\repository\io\cucumber\messages\22.0.0\messages-22.0.0.jar;C:\Users\VPAVAN\.m2\repository\io\cucumber\tag-expressions\5.0.6\tag-expressions-5.0.6.jar;C:\Users\VPAVAN\.m2\repository\io\cucumber\cucumber-expressions\16.1.2\cucumber-expressions-16.1.2.jar;C:\Users\VPAVAN\.m2\repository\io\cucumber\datatable\7.14.0\datatable-7.14.0.jar;C:\Users\VPAVAN\.m2\repository\io\cucumber\cucumber-plugin\7.14.0\cucumber-plugin-7.14.0.jar;C:\Users\VPAVAN\.m2\repository\io\cucumber\docstring\7.14.0\docstring-7.14.0.jar;C:\Users\VPAVAN\.m2\repository\io\cucumber\html-formatter\20.4.0\html-formatter-20.4.0.jar;C:\Users\VPAVAN\.m2\repository\io\cucumber\junit-xml-formatter\0.2.0\junit-xml-formatter-0.2.0.jar;C:\Users\VPAVAN\.m2\repository\io\cucumber\ci-environment\9.2.0\ci-environment-9.2.0.jar;C:\Users\VPAVAN\.m2\repository\org\apiguardian\apiguardian-api\1.1.2\apiguardian-api-1.1.2.jar;C:\Users\VPAVAN\.m2\repository\org\apache\poi\poi\5.3.0\poi-5.3.0.jar;C:\Users\VPAVAN\.m2\repository\commons-codec\commons-codec\1.17.0\commons-codec-1.17.0.jar;C:\Users\VPAVAN\.m2\repository\org\apache\commons\commons-collections4\4.4\commons-collections4-4.4.jar;C:\Users\VPAVAN\.m2\repository\org\apache\commons\commons-math3\3.6.1\commons-math3-3.6.1.jar;C:\Users\VPAVAN\.m2\repository\commons-io\commons-io\2.16.1\commons-io-2.16.1.jar;C:\Users\VPAVAN\.m2\repository\com\zaxxer\SparseBitSet\1.3\SparseBitSet-1.3.jar;C:\Users\VPAVAN\.m2\repository\org\apache\logging\log4j\log4j-api\2.23.1\log4j-api-2.23.1.jar;C:\Users\VPAVAN\.m2\repository\org\apache\poi\poi-ooxml\5.3.0\poi-ooxml-5.3.0.jar;C:\Users\VPAVAN\.m2\repository\org\apache\poi\poi-ooxml-lite\5.3.0\poi-ooxml-lite-5.3.0.jar;C:\Users\VPAVAN\.m2\repository\org\apache\xmlbeans\xmlbeans\5.2.1\xmlbeans-5.2.1.jar;C:\Users\VPAVAN\.m2\repository\org\apache\commons\commons-compress\1.26.2\commons-compress-1.26.2.jar;C:\Users\VPAVAN\.m2\repository\com\github\virtuald\curvesapi\1.08\curvesapi-1.08.jar;C:\Users\VPAVAN\.m2\repository\com\amazonaws\aws-java-sdk\1.12.776\aws-java-sdk-1.12.776.jar;C:\Users\VPAVAN\.m2\repository\com\amazonaws\aws-java-sdk-qapps\1.12.776\aws-java-sdk-qapps-1.12.776.jar;C:\Users\VPAVAN\.m2\repository\com\amazonaws\jmespath-java\1.12.776\jmespath-java-1.12.776.jar;C:\Users\VPAVAN\.m2\repository\com\amazonaws\aws-java-sdk-apptest\1.12.776\aws-java-sdk-apptest-1.12.776.jar;C:\Users\VPAVAN\.m2\repository\com\amazonaws\aws-java-sdk-pcaconnectorscep\1.12.776\aws-java-sdk-pcaconnectorscep-1.12.776.jar;C:\Users\VPAVAN\.m2\repository\com\amazonaws\aws-java-sdk-applicationsignals\1.12.776\aws-java-sdk-applicationsignals-1.12.776.jar;C:\Users\VPAVAN\.m2\repository\com\amazonaws\aws-java-sdk-taxsettings\1.12.776\aws-java-sdk-taxsettings-1.12.776.jar;C:\Users\VPAVAN\.m2\repository\com\amazonaws\aws-java-sdk-mailmanager\1.12.776\aws-java-sdk-mailmanager-1.12.776.jar;C:\Users\VPAVAN\.m2\repository\com\amazonaws\aws-java-sdk-route53profiles\1.12.776\aws-java-sdk-route53profiles-1.12.776.jar;C:\Users\VPAVAN\.m2\repository\com\amazonaws\aws-java-sdk-controlcatalog\1.12.776\aws-java-sdk-controlcatalog-1.12.776.jar;C:\Users\VPAVAN\.m2\repository\com\amazonaws\aws-java-sdk-deadline\1.12.776\aws-java-sdk-deadline-1.12.776.jar;C:\Users\VPAVAN\.m2\repository\com\amazonaws\aws-java-sdk-codeconnections\1.12.776\aws-java-sdk-codeconnections-1.12.776.jar;C:\Users\VPAVAN\.m2\repository\com\amazonaws\aws-java-sdk-timestreaminfluxdb\1.12.776\aws-java-sdk-timestreaminfluxdb-1.12.776.jar;C:\Users\VPAVAN\.m2\repository\com\amazonaws\aws-java-sdk-chatbot\1.12.776\aws-java-sdk-chatbot-1.12.776.jar;C:\Users\VPAVAN\.m2\repository\com\amazonaws\aws-java-sdk-artifact\1.12.776\aws-java-sdk-artifact-1.12.776.jar;C:\Users\VPAVAN\.m2\repository\com\amazonaws\aws-java-sdk-supplychain\1.12.776\aws-java-sdk-supplychain-1.12.776.jar;C:\Users\VPAVAN\.m2\repository\com\amazonaws\aws-java-sdk-networkmonitor\1.12.776\aws-java-sdk-networkmonitor-1.12.776.jar;C:\Users\VPAVAN\.m2\repository\com\amazonaws\aws-java-sdk-marketplaceagreement\1.12.776\aws-java-sdk-marketplaceagreement-1.12.776.jar;C:\Users\VPAVAN\.m2\repository\com\amazonaws\aws-java-sdk-marketplacedeployment\1.12.776\aws-java-sdk-marketplacedeployment-1.12.776.jar;C:\Users\VPAVAN\.m2\repository\com\amazonaws\aws-java-sdk-cleanroomsml\1.12.776\aws-java-sdk-cleanroomsml-1.12.776.jar;C:\Users\VPAVAN\.m2\repository\com\amazonaws\aws-java-sdk-bedrockagent\1.12.776\aws-java-sdk-bedrockagent-1.12.776.jar;C:\Users\VPAVAN\.m2\repository\com\amazonaws\aws-java-sdk-qconnect\1.12.776\aws-java-sdk-qconnect-1.12.776.jar;C:\Users\VPAVAN\.m2\repository\com\amazonaws\aws-java-sdk-qbusiness\1.12.776\aws-java-sdk-qbusiness-1.12.776.jar;C:\Users\VPAVAN\.m2\repository\com\amazonaws\aws-java-sdk-bedrockagentruntime\1.12.776\aws-java-sdk-bedrockagentruntime-1.12.776.jar;C:\Users\VPAVAN\.m2\repository\com\amazonaws\aws-java-sdk-b2bi\1.12.776\aws-java-sdk-b2bi-1.12.776.jar;C:\Users\VPAVAN\.m2\repository\com\amazonaws\aws-java-sdk-workspacesthinclient\1.12.776\aws-java-sdk-workspacesthinclient-1.12.776.jar;C:\Users\VPAVAN\.m2\repository\com\amazonaws\aws-java-sdk-eksauth\1.12.776\aws-java-sdk-eksauth-1.12.776.jar;C:\Users\VPAVAN\.m2\repository\com\amazonaws\aws-java-sdk-freetier\1.12.776\aws-java-sdk-freetier-1.12.776.jar;C:\Users\VPAVAN\.m2\repository\com\amazonaws\aws-java-sdk-bcmdataexports\1.12.776\aws-java-sdk-bcmdataexports-1.12.776.jar;C:\Users\VPAVAN\.m2\repository\com\amazonaws\aws-java-sdk-repostspace\1.12.776\aws-java-sdk-repostspace-1.12.776.jar;C:\Users\VPAVAN\.m2\repository\com\amazonaws\aws-java-sdk-costoptimizationhub\1.12.776\aws-java-sdk-costoptimizationhub-1.12.776.jar;C:\Users\VPAVAN\.m2\repository\com\amazonaws\aws-java-sdk-inspectorscan\1.12.776\aws-java-sdk-inspectorscan-1.12.776.jar;C:\Users\VPAVAN\.m2\repository\com\amazonaws\aws-java-sdk-trustedadvisor\1.12.776\aws-java-sdk-trustedadvisor-1.12.776.jar;C:\Users\VPAVAN\.m2\repository\com\amazonaws\aws-java-sdk-launchwizard\1.12.776\aws-java-sdk-launchwizard-1.12.776.jar;C:\Users\VPAVAN\.m2\repository\com\amazonaws\aws-java-sdk-datazoneexternal\1.12.776\aws-java-sdk-datazoneexternal-1.12.776.jar;C:\Users\VPAVAN\.m2\repository\com\amazonaws\aws-java-sdk-bedrock\1.12.776\aws-java-sdk-bedrock-1.12.776.jar;C:\Users\VPAVAN\.m2\repository\com\amazonaws\aws-java-sdk-bedrockruntime\1.12.776\aws-java-sdk-bedrockruntime-1.12.776.jar;C:\Users\VPAVAN\.m2\repository\com\amazonaws\aws-java-sdk-neptunedata\1.12.776\aws-java-sdk-neptunedata-1.12.776.jar;C:\Users\VPAVAN\.m2\repository\com\amazonaws\aws-java-sdk-pcaconnectorad\1.12.776\aws-java-sdk-pcaconnectorad-1.12.776.jar;C:\Users\VPAVAN\.m2\repository\com\amazonaws\aws-java-sdk-managedblockchainquery\1.12.776\aws-java-sdk-managedblockchainquery-1.12.776.jar;C:\Users\VPAVAN\.m2\repository\com\amazonaws\aws-java-sdk-entityresolution\1.12.776\aws-java-sdk-entityresolution-1.12.776.jar;C:\Users\VPAVAN\.m2\repository\com\amazonaws\aws-java-sdk-medicalimaging\1.12.776\aws-java-sdk-medicalimaging-1.12.776.jar;C:\Users\VPAVAN\.m2\repository\com\amazonaws\aws-java-sdk-appfabric\1.12.776\aws-java-sdk-appfabric-1.12.776.jar;C:\Users\VPAVAN\.m2\repository\com\amazonaws\aws-java-sdk-verifiedpermissions\1.12.776\aws-java-sdk-verifiedpermissions-1.12.776.jar;C:\Users\VPAVAN\.m2\repository\com\amazonaws\aws-java-sdk-codegurusecurity\1.12.776\aws-java-sdk-codegurusecurity-1.12.776.jar;C:\Users\VPAVAN\.m2\repository\com\amazonaws\aws-java-sdk-paymentcryptography\1.12.776\aws-java-sdk-paymentcryptography-1.12.776.jar;C:\Users\VPAVAN\.m2\repository\com\amazonaws\aws-java-sdk-paymentcryptographydata\1.12.776\aws-java-sdk-paymentcryptographydata-1.12.776.jar;C:\Users\VPAVAN\.m2\repository\com\amazonaws\aws-java-sdk-mediapackagev2\1.12.776\aws-java-sdk-mediapackagev2-1.12.776.jar;C:\Users\VPAVAN\.m2\repository\com\amazonaws\aws-java-sdk-osis\1.12.776\aws-java-sdk-osis-1.12.776.jar;C:\Users\VPAVAN\.m2\repository\com\amazonaws\aws-java-sdk-vpclattice\1.12.776\aws-java-sdk-vpclattice-1.12.776.jar;C:\Users\VPAVAN\.m2\repository\com\amazonaws\aws-java-sdk-ivsrealtime\1.12.776\aws-java-sdk-ivsrealtime-1.12.776.jar;C:\Users\VPAVAN\.m2\repository\com\amazonaws\aws-java-sdk-internetmonitor\1.12.776\aws-java-sdk-internetmonitor-1.12.776.jar;C:\Users\VPAVAN\.m2\repository\com\amazonaws\aws-java-sdk-tnb\1.12.776\aws-java-sdk-tnb-1.12.776.jar;C:\Users\VPAVAN\.m2\repository\com\amazonaws\aws-java-sdk-cloudtraildata\1.12.776\aws-java-sdk-cloudtraildata-1.12.776.jar;C:\Users\VPAVAN\.m2\repository\com\amazonaws\aws-java-sdk-cleanrooms\1.12.776\aws-java-sdk-cleanrooms-1.12.776.jar;C:\Users\VPAVAN\.m2\repository\com\amazonaws\aws-java-sdk-kendraranking\1.12.776\aws-java-sdk-kendraranking-1.12.776.jar;C:\Users\VPAVAN\.m2\repository\com\amazonaws\aws-java-sdk-licensemanagerlinuxsubscriptions\1.12.776\aws-java-sdk-licensemanagerlinuxsubscriptions-1.12.776.jar;C:\Users\VPAVAN\.m2\repository\com\amazonaws\aws-java-sdk-kinesisvideowebrtcstorage\1.12.776\aws-java-sdk-kinesisvideowebrtcstorage-1.12.776.jar;C:\Users\VPAVAN\.m2\repository\com\amazonaws\aws-java-sdk-sagemakermetrics\1.12.776\aws-java-sdk-sagemakermetrics-1.12.776.jar;C:\Users\VPAVAN\.m2\repository\com\amazonaws\aws-java-sdk-pipes\1.12.776\aws-java-sdk-pipes-1.12.776.jar;C:\Users\VPAVAN\.m2\repository\com\amazonaws\aws-java-sdk-sagemakergeospatial\1.12.776\aws-java-sdk-sagemakergeospatial-1.12.776.jar;C:\Users\VPAVAN\.m2\repository\com\amazonaws\aws-java-sdk-docdbelastic\1.12.776\aws-java-sdk-docdbelastic-1.12.776.jar;C:\Users\VPAVAN\.m2\repository\com\amazonaws\aws-java-sdk-omics\1.12.776\aws-java-sdk-omics-1.12.776.jar;C:\Users\VPAVAN\.m2\repository\com\amazonaws\aws-java-sdk-opensearchserverless\1.12.776\aws-java-sdk-opensearchserverless-1.12.776.jar;C:\Users\VPAVAN\.m2\repository\com\amazonaws\aws-java-sdk-securitylake\1.12.776\aws-java-sdk-securitylake-1.12.776.jar;C:\Users\VPAVAN\.m2\repository\com\amazonaws\aws-java-sdk-simspaceweaver\1.12.776\aws-java-sdk-simspaceweaver-1.12.776.jar;C:\Users\VPAVAN\.m2\repository\com\amazonaws\aws-java-sdk-arczonalshift\1.12.776\aws-java-sdk-arczonalshift-1.12.776.jar;C:\Users\VPAVAN\.m2\repository\com\amazonaws\aws-java-sdk-oam\1.12.776\aws-java-sdk-oam-1.12.776.jar;C:\Users\VPAVAN\.m2\repository\com\amazonaws\aws-java-sdk-chimesdkvoice\1.12.776\aws-java-sdk-chimesdkvoice-1.12.776.jar;C:\Users\VPAVAN\.m2\repository\com\amazonaws\aws-java-sdk-ssmsap\1.12.776\aws-java-sdk-ssmsap-1.12.776.jar;C:\Users\VPAVAN\.m2\repository\com\amazonaws\aws-java-sdk-scheduler\1.12.776\aws-java-sdk-scheduler-1.12.776.jar;C:\Users\VPAVAN\.m2\repository\com\amazonaws\aws-java-sdk-resourceexplorer2\1.12.776\aws-java-sdk-resourceexplorer2-1.12.776.jar;C:\Users\VPAVAN\.m2\repository\com\amazonaws\aws-java-sdk-connectcases\1.12.776\aws-java-sdk-connectcases-1.12.776.jar;C:\Users\VPAVAN\.m2\repository\com\amazonaws\aws-java-sdk-migrationhuborchestrator\1.12.776\aws-java-sdk-migrationhuborchestrator-1.12.776.jar;C:\Users\VPAVAN\.m2\repository\com\amazonaws\aws-java-sdk-iotfleetwise\1.12.776\aws-java-sdk-iotfleetwise-1.12.776.jar;C:\Users\VPAVAN\.m2\repository\com\amazonaws\aws-java-sdk-controltower\1.12.776\aws-java-sdk-controltower-1.12.776.jar;C:\Users\VPAVAN\.m2\repository\com\amazonaws\aws-java-sdk-supportapp\1.12.776\aws-java-sdk-supportapp-1.12.776.jar;C:\Users\VPAVAN\.m2\repository\com\amazonaws\aws-java-sdk-private5g\1.12.776\aws-java-sdk-private5g-1.12.776.jar;C:\Users\VPAVAN\.m2\repository\com\amazonaws\aws-java-sdk-licensemanagerusersubscriptions\1.12.776\aws-java-sdk-licensemanagerusersubscriptions-1.12.776.jar;C:\Users\VPAVAN\.m2\repository\com\amazonaws\aws-java-sdk-iamrolesanywhere\1.12.776\aws-java-sdk-iamrolesanywhere-1.12.776.jar;C:\Users\VPAVAN\.m2\repository\com\amazonaws\aws-java-sdk-redshiftserverless\1.12.776\aws-java-sdk-redshiftserverless-1.12.776.jar;C:\Users\VPAVAN\.m2\repository\com\amazonaws\aws-java-sdk-connectcampaign\1.12.776\aws-java-sdk-connectcampaign-1.12.776.jar;C:\Users\VPAVAN\.m2\repository\com\amazonaws\aws-java-sdk-mainframemodernization\1.12.776\aws-java-sdk-mainframemodernization-1.12.776.jar;C:\Users\VPAVAN\.m2\repository\com\amazonaws\aws-java-sdk-emrserverless\1.12.776\aws-java-sdk-emrserverless-1.12.776.jar;C:\Users\VPAVAN\.m2\repository\com\amazonaws\aws-java-sdk-chimesdkmediapipelines\1.12.776\aws-java-sdk-chimesdkmediapipelines-1.12.776.jar;C:\Users\VPAVAN\.m2\repository\com\amazonaws\aws-java-sdk-ivschat\1.12.776\aws-java-sdk-ivschat-1.12.776.jar;C:\Users\VPAVAN\.m2\repository\com\amazonaws\aws-java-sdk-pinpointsmsvoicev2\1.12.776\aws-java-sdk-pinpointsmsvoicev2-1.12.776.jar;C:\Users\VPAVAN\.m2\repository\com\amazonaws\aws-java-sdk-billingconductor\1.12.776\aws-java-sdk-billingconductor-1.12.776.jar;C:\Users\VPAVAN\.m2\repository\com\amazonaws\aws-java-sdk-keyspaces\1.12.776\aws-java-sdk-keyspaces-1.12.776.jar;C:\Users\VPAVAN\.m2\repository\com\amazonaws\aws-java-sdk-amplifyuibuilder\1.12.776\aws-java-sdk-amplifyuibuilder-1.12.776.jar;C:\Users\VPAVAN\.m2\repository\com\amazonaws\aws-java-sdk-backupgateway\1.12.776\aws-java-sdk-backupgateway-1.12.776.jar;C:\Users\VPAVAN\.m2\repository\com\amazonaws\aws-java-sdk-workspacesweb\1.12.776\aws-java-sdk-workspacesweb-1.12.776.jar;C:\Users\VPAVAN\.m2\repository\com\amazonaws\aws-java-sdk-iottwinmaker\1.12.776\aws-java-sdk-iottwinmaker-1.12.776.jar;C:\Users\VPAVAN\.m2\repository\com\amazonaws\aws-java-sdk-recyclebin\1.12.776\aws-java-sdk-recyclebin-1.12.776.jar;C:\Users\VPAVAN\.m2\repository\com\amazonaws\aws-java-sdk-cloudwatchrum\1.12.776\aws-java-sdk-cloudwatchrum-1.12.776.jar;C:\Users\VPAVAN\.m2\repository\com\amazonaws\aws-java-sdk-cloudwatchevidently\1.12.776\aws-java-sdk-cloudwatchevidently-1.12.776.jar;C:\Users\VPAVAN\.m2\repository\com\amazonaws\aws-java-sdk-inspector2\1.12.776\aws-java-sdk-inspector2-1.12.776.jar;C:\Users\VPAVAN\.m2\repository\com\amazonaws\aws-java-sdk-migrationhubrefactorspaces\1.12.776\aws-java-sdk-migrationhubrefactorspaces-1.12.776.jar;C:\Users\VPAVAN\.m2\repository\com\amazonaws\aws-java-sdk-appconfigdata\1.12.776\aws-java-sdk-appconfigdata-1.12.776.jar;C:\Users\VPAVAN\.m2\repository\com\amazonaws\aws-java-sdk-drs\1.12.776\aws-java-sdk-drs-1.12.776.jar;C:\Users\VPAVAN\.m2\repository\com\amazonaws\aws-java-sdk-migrationhubstrategyrecommendations\1.12.776\aws-java-sdk-migrationhubstrategyrecommendations-1.12.776.jar;C:\Users\VPAVAN\.m2\repository\com\amazonaws\aws-java-sdk-resiliencehub\1.12.776\aws-java-sdk-resiliencehub-1.12.776.jar;C:\Users\VPAVAN\.m2\repository\com\amazonaws\aws-java-sdk-chimesdkmeetings\1.12.776\aws-java-sdk-chimesdkmeetings-1.12.776.jar;C:\Users\VPAVAN\.m2\repository\com\amazonaws\aws-java-sdk-panorama\1.12.776\aws-java-sdk-panorama-1.12.776.jar;C:\Users\VPAVAN\.m2\repository\com\amazonaws\aws-java-sdk-managedgrafana\1.12.776\aws-java-sdk-managedgrafana-1.12.776.jar;C:\Users\VPAVAN\.m2\repository\com\amazonaws\aws-java-sdk-cloudcontrolapi\1.12.776\aws-java-sdk-cloudcontrolapi-1.12.776.jar;C:\Users\VPAVAN\.m2\repository\com\amazonaws\aws-java-sdk-account\1.12.776\aws-java-sdk-account-1.12.776.jar;C:\Users\VPAVAN\.m2\repository\com\amazonaws\aws-java-sdk-voiceid\1.12.776\aws-java-sdk-voiceid-1.12.776.jar;C:\Users\VPAVAN\.m2\repository\com\amazonaws\aws-java-sdk-connectwisdom\1.12.776\aws-java-sdk-connectwisdom-1.12.776.jar;C:\Users\VPAVAN\.m2\repository\com\amazonaws\aws-java-sdk-kafkaconnect\1.12.776\aws-java-sdk-kafkaconnect-1.12.776.jar;C:\Users\VPAVAN\.m2\repository\com\amazonaws\aws-java-sdk-opensearch\1.12.776\aws-java-sdk-opensearch-1.12.776.jar;C:\Users\VPAVAN\.m2\repository\com\amazonaws\aws-java-sdk-memorydb\1.12.776\aws-java-sdk-memorydb-1.12.776.jar;C:\Users\VPAVAN\.m2\repository\com\amazonaws\aws-java-sdk-snowdevicemanagement\1.12.776\aws-java-sdk-snowdevicemanagement-1.12.776.jar;C:\Users\VPAVAN\.m2\repository\com\amazonaws\aws-java-sdk-chimesdkidentity\1.12.776\aws-java-sdk-chimesdkidentity-1.12.776.jar;C:\Users\VPAVAN\.m2\repository\com\amazonaws\aws-java-sdk-chimesdkmessaging\1.12.776\aws-java-sdk-chimesdkmessaging-1.12.776.jar;C:\Users\VPAVAN\.m2\repository\com\amazonaws\aws-java-sdk-route53recoverycluster\1.12.776\aws-java-sdk-route53recoverycluster-1.12.776.jar;C:\Users\VPAVAN\.m2\repository\com\amazonaws\aws-java-sdk-route53recoverycontrolconfig\1.12.776\aws-java-sdk-route53recoverycontrolconfig-1.12.776.jar;C:\Users\VPAVAN\.m2\repository\com\amazonaws\aws-java-sdk-route53recoveryreadiness\1.12.776\aws-java-sdk-route53recoveryreadiness-1.12.776.jar;C:\Users\VPAVAN\.m2\repository\com\amazonaws\aws-java-sdk-proton\1.12.776\aws-java-sdk-proton-1.12.776.jar;C:\Users\VPAVAN\.m2\repository\com\amazonaws\aws-java-sdk-apprunner\1.12.776\aws-java-sdk-apprunner-1.12.776.jar;C:\Users\VPAVAN\.m2\repository\com\amazonaws\aws-java-sdk-applicationcostprofiler\1.12.776\aws-java-sdk-applicationcostprofiler-1.12.776.jar;C:\Users\VPAVAN\.m2\repository\com\amazonaws\aws-java-sdk-ssmcontacts\1.12.776\aws-java-sdk-ssmcontacts-1.12.776.jar;C:\Users\VPAVAN\.m2\repository\com\amazonaws\aws-java-sdk-ssmincidents\1.12.776\aws-java-sdk-ssmincidents-1.12.776.jar;C:\Users\VPAVAN\.m2\repository\com\amazonaws\aws-java-sdk-finspacedata\1.12.776\aws-java-sdk-finspacedata-1.12.776.jar;C:\Users\VPAVAN\.m2\repository\com\amazonaws\aws-java-sdk-finspace\1.12.776\aws-java-sdk-finspace-1.12.776.jar;C:\Users\VPAVAN\.m2\repository\com\amazonaws\aws-java-sdk-nimblestudio\1.12.776\aws-java-sdk-nimblestudio-1.12.776.jar;C:\Users\VPAVAN\.m2\repository\com\amazonaws\aws-java-sdk-lookoutequipment\1.12.776\aws-java-sdk-lookoutequipment-1.12.776.jar;C:\Users\VPAVAN\.m2\repository\com\amazonaws\aws-java-sdk-mgn\1.12.776\aws-java-sdk-mgn-1.12.776.jar;C:\Users\VPAVAN\.m2\repository\com\amazonaws\aws-java-sdk-lookoutmetrics\1.12.776\aws-java-sdk-lookoutmetrics-1.12.776.jar;C:\Users\VPAVAN\.m2\repository\com\amazonaws\aws-java-sdk-fis\1.12.776\aws-java-sdk-fis-1.12.776.jar;C:\Users\VPAVAN\.m2\repository\com\amazonaws\aws-java-sdk-lexmodelsv2\1.12.776\aws-java-sdk-lexmodelsv2-1.12.776.jar;C:\Users\VPAVAN\.m2\repository\com\amazonaws\aws-java-sdk-lexruntimev2\1.12.776\aws-java-sdk-lexruntimev2-1.12.776.jar;C:\Users\VPAVAN\.m2\repository\com\amazonaws\aws-java-sdk-wellarchitected\1.12.776\aws-java-sdk-wellarchitected-1.12.776.jar;C:\Users\VPAVAN\.m2\repository\com\amazonaws\aws-java-sdk-location\1.12.776\aws-java-sdk-location-1.12.776.jar;C:\Users\VPAVAN\.m2\repository\com\amazonaws\aws-java-sdk-iotdeviceadvisor\1.12.776\aws-java-sdk-iotdeviceadvisor-1.12.776.jar;C:\Users\VPAVAN\.m2\repository\com\amazonaws\aws-java-sdk-iotfleethub\1.12.776\aws-java-sdk-iotfleethub-1.12.776.jar;C:\Users\VPAVAN\.m2\repository\com\amazonaws\aws-java-sdk-iotwireless\1.12.776\aws-java-sdk-iotwireless-1.12.776.jar;C:\Users\VPAVAN\.m2\repository\com\amazonaws\aws-java-sdk-greengrassv2\1.12.776\aws-java-sdk-greengrassv2-1.12.776.jar;C:\Users\VPAVAN\.m2\repository\com\amazonaws\aws-java-sdk-prometheus\1.12.776\aws-java-sdk-prometheus-1.12.776.jar;C:\Users\VPAVAN\.m2\repository\com\amazonaws\aws-java-sdk-auditmanager\1.12.776\aws-java-sdk-auditmanager-1.12.776.jar;C:\Users\VPAVAN\.m2\repository\com\amazonaws\aws-java-sdk-healthlake\1.12.776\aws-java-sdk-healthlake-1.12.776.jar;C:\Users\VPAVAN\.m2\repository\com\amazonaws\aws-java-sdk-sagemakeredgemanager\1.12.776\aws-java-sdk-sagemakeredgemanager-1.12.776.jar;C:\Users\VPAVAN\.m2\repository\com\amazonaws\aws-java-sdk-emrcontainers\1.12.776\aws-java-sdk-emrcontainers-1.12.776.jar;C:\Users\VPAVAN\.m2\repository\com\amazonaws\aws-java-sdk-customerprofiles\1.12.776\aws-java-sdk-customerprofiles-1.12.776.jar;C:\Users\VPAVAN\.m2\repository\com\amazonaws\aws-java-sdk-lookoutforvision\1.12.776\aws-java-sdk-lookoutforvision-1.12.776.jar;C:\Users\VPAVAN\.m2\repository\com\amazonaws\aws-java-sdk-connectcontactlens\1.12.776\aws-java-sdk-connectcontactlens-1.12.776.jar;C:\Users\VPAVAN\.m2\repository\com\amazonaws\aws-java-sdk-amplifybackend\1.12.776\aws-java-sdk-amplifybackend-1.12.776.jar;C:\Users\VPAVAN\.m2\repository\com\amazonaws\aws-java-sdk-ecrpublic\1.12.776\aws-java-sdk-ecrpublic-1.12.776.jar;C:\Users\VPAVAN\.m2\repository\com\amazonaws\aws-java-sdk-appintegrations\1.12.776\aws-java-sdk-appintegrations-1.12.776.jar;C:\Users\VPAVAN\.m2\repository\com\amazonaws\aws-java-sdk-sagemakerfeaturestoreruntime\1.12.776\aws-java-sdk-sagemakerfeaturestoreruntime-1.12.776.jar;C:\Users\VPAVAN\.m2\repository\com\amazonaws\aws-java-sdk-devopsguru\1.12.776\aws-java-sdk-devopsguru-1.12.776.jar;C:\Users\VPAVAN\.m2\repository\com\amazonaws\aws-java-sdk-mwaa\1.12.776\aws-java-sdk-mwaa-1.12.776.jar;C:\Users\VPAVAN\.m2\repository\com\amazonaws\aws-java-sdk-networkfirewall\1.12.776\aws-java-sdk-networkfirewall-1.12.776.jar;C:\Users\VPAVAN\.m2\repository\com\amazonaws\aws-java-sdk-appregistry\1.12.776\aws-java-sdk-appregistry-1.12.776.jar;C:\Users\VPAVAN\.m2\repository\com\amazonaws\aws-java-sdk-gluedatabrew\1.12.776\aws-java-sdk-gluedatabrew-1.12.776.jar;C:\Users\VPAVAN\.m2\repository\com\amazonaws\aws-java-sdk-s3outposts\1.12.776\aws-java-sdk-s3outposts-1.12.776.jar;C:\Users\VPAVAN\.m2\repository\com\amazonaws\aws-java-sdk-timestreamquery\1.12.776\aws-java-sdk-timestreamquery-1.12.776.jar;C:\Users\VPAVAN\.m2\repository\com\amazonaws\aws-java-sdk-timestreamwrite\1.12.776\aws-java-sdk-timestreamwrite-1.12.776.jar;C:\Users\VPAVAN\.m2\repository\com\amazonaws\aws-java-sdk-ssoadmin\1.12.776\aws-java-sdk-ssoadmin-1.12.776.jar;C:\Users\VPAVAN\.m2\repository\com\amazonaws\aws-java-sdk-redshiftdataapi\1.12.776\aws-java-sdk-redshiftdataapi-1.12.776.jar;C:\Users\VPAVAN\.m2\repository\com\amazonaws\aws-java-sdk-appflow\1.12.776\aws-java-sdk-appflow-1.12.776.jar;C:\Users\VPAVAN\.m2\repository\com\amazonaws\aws-java-sdk-identitystore\1.12.776\aws-java-sdk-identitystore-1.12.776.jar;C:\Users\VPAVAN\.m2\repository\com\amazonaws\aws-java-sdk-braket\1.12.776\aws-java-sdk-braket-1.12.776.jar;C:\Users\VPAVAN\.m2\repository\com\amazonaws\aws-java-sdk-ivs\1.12.776\aws-java-sdk-ivs-1.12.776.jar;C:\Users\VPAVAN\.m2\repository\com\amazonaws\aws-java-sdk-codeartifact\1.12.776\aws-java-sdk-codeartifact-1.12.776.jar;C:\Users\VPAVAN\.m2\repository\com\amazonaws\aws-java-sdk-macie2\1.12.776\aws-java-sdk-macie2-1.12.776.jar;C:\Users\VPAVAN\.m2\repository\com\amazonaws\aws-java-sdk-iotsitewise\1.12.776\aws-java-sdk-iotsitewise-1.12.776.jar;C:\Users\VPAVAN\.m2\repository\com\amazonaws\aws-java-sdk-synthetics\1.12.776\aws-java-sdk-synthetics-1.12.776.jar;C:\Users\VPAVAN\.m2\repository\com\amazonaws\aws-java-sdk-codestarconnections\1.12.776\aws-java-sdk-codestarconnections-1.12.776.jar;C:\Users\VPAVAN\.m2\repository\com\amazonaws\aws-java-sdk-detective\1.12.776\aws-java-sdk-detective-1.12.776.jar;C:\Users\VPAVAN\.m2\repository\com\amazonaws\aws-java-sdk-kinesisvideosignalingchannels\1.12.776\aws-java-sdk-kinesisvideosignalingchannels-1.12.776.jar;C:\Users\VPAVAN\.m2\repository\com\amazonaws\aws-java-sdk-ebs\1.12.776\aws-java-sdk-ebs-1.12.776.jar;C:\Users\VPAVAN\.m2\repository\com\amazonaws\aws-java-sdk-augmentedairuntime\1.12.776\aws-java-sdk-augmentedairuntime-1.12.776.jar;C:\Users\VPAVAN\.m2\repository\com\amazonaws\aws-java-sdk-outposts\1.12.776\aws-java-sdk-outposts-1.12.776.jar;C:\Users\VPAVAN\.m2\repository\com\amazonaws\aws-java-sdk-codeguruprofiler\1.12.776\aws-java-sdk-codeguruprofiler-1.12.776.jar;C:\Users\VPAVAN\.m2\repository\com\amazonaws\aws-java-sdk-codegurureviewer\1.12.776\aws-java-sdk-codegurureviewer-1.12.776.jar;C:\Users\VPAVAN\.m2\repository\com\amazonaws\aws-java-sdk-frauddetector\1.12.776\aws-java-sdk-frauddetector-1.12.776.jar;C:\Users\VPAVAN\.m2\repository\com\amazonaws\aws-java-sdk-kendra\1.12.776\aws-java-sdk-kendra-1.12.776.jar;C:\Users\VPAVAN\.m2\repository\com\amazonaws\aws-java-sdk-networkmanager\1.12.776\aws-java-sdk-networkmanager-1.12.776.jar;C:\Users\VPAVAN\.m2\repository\com\amazonaws\aws-java-sdk-computeoptimizer\1.12.776\aws-java-sdk-computeoptimizer-1.12.776.jar;C:\Users\VPAVAN\.m2\repository\com\amazonaws\aws-java-sdk-accessanalyzer\1.12.776\aws-java-sdk-accessanalyzer-1.12.776.jar;C:\Users\VPAVAN\.m2\repository\com\amazonaws\aws-java-sdk-schemas\1.12.776\aws-java-sdk-schemas-1.12.776.jar;C:\Users\VPAVAN\.m2\repository\com\amazonaws\aws-java-sdk-imagebuilder\1.12.776\aws-java-sdk-imagebuilder-1.12.776.jar;C:\Users\VPAVAN\.m2\repository\com\amazonaws\aws-java-sdk-elasticinference\1.12.776\aws-java-sdk-elasticinference-1.12.776.jar;C:\Users\VPAVAN\.m2\repository\com\amazonaws\aws-java-sdk-iotsecuretunneling\1.12.776\aws-java-sdk-iotsecuretunneling-1.12.776.jar;C:\Users\VPAVAN\.m2\repository\com\amazonaws\aws-java-sdk-appconfig\1.12.776\aws-java-sdk-appconfig-1.12.776.jar;C:\Users\VPAVAN\.m2\repository\com\amazonaws\aws-java-sdk-wafv2\1.12.776\aws-java-sdk-wafv2-1.12.776.jar;C:\Users\VPAVAN\.m2\repository\com\amazonaws\aws-java-sdk-connectparticipant\1.12.776\aws-java-sdk-connectparticipant-1.12.776.jar;C:\Users\VPAVAN\.m2\repository\com\amazonaws\aws-java-sdk-migrationhubconfig\1.12.776\aws-java-sdk-migrationhubconfig-1.12.776.jar;C:\Users\VPAVAN\.m2\repository\com\amazonaws\aws-java-sdk-dataexchange\1.12.776\aws-java-sdk-dataexchange-1.12.776.jar;C:\Users\VPAVAN\.m2\repository\com\amazonaws\aws-java-sdk-sesv2\1.12.776\aws-java-sdk-sesv2-1.12.776.jar;C:\Users\VPAVAN\.m2\repository\com\amazonaws\aws-java-sdk-marketplacecatalog\1.12.776\aws-java-sdk-marketplacecatalog-1.12.776.jar;C:\Users\VPAVAN\.m2\repository\com\amazonaws\aws-java-sdk-ssooidc\1.12.776\aws-java-sdk-ssooidc-1.12.776.jar;C:\Users\VPAVAN\.m2\repository\com\amazonaws\aws-java-sdk-sso\1.12.776\aws-java-sdk-sso-1.12.776.jar;C:\Users\VPAVAN\.m2\repository\com\amazonaws\aws-java-sdk-savingsplans\1.12.776\aws-java-sdk-savingsplans-1.12.776.jar;C:\Users\VPAVAN\.m2\repository\com\amazonaws\aws-java-sdk-codestarnotifications\1.12.776\aws-java-sdk-codestarnotifications-1.12.776.jar;C:\Users\VPAVAN\.m2\repository\com\amazonaws\aws-java-sdk-workmailmessageflow\1.12.776\aws-java-sdk-workmailmessageflow-1.12.776.jar;C:\Users\VPAVAN\.m2\repository\com\amazonaws\aws-java-sdk-qldbsession\1.12.776\aws-java-sdk-qldbsession-1.12.776.jar;C:\Users\VPAVAN\.m2\repository\com\amazonaws\aws-java-sdk-qldb\1.12.776\aws-java-sdk-qldb-1.12.776.jar;C:\Users\VPAVAN\.m2\repository\com\amazonaws\aws-java-sdk-forecastquery\1.12.776\aws-java-sdk-forecastquery-1.12.776.jar;C:\Users\VPAVAN\.m2\repository\com\amazonaws\aws-java-sdk-forecast\1.12.776\aws-java-sdk-forecast-1.12.776.jar;C:\Users\VPAVAN\.m2\repository\com\amazonaws\aws-java-sdk-lakeformation\1.12.776\aws-java-sdk-lakeformation-1.12.776.jar;C:\Users\VPAVAN\.m2\repository\com\amazonaws\aws-java-sdk-eventbridge\1.12.776\aws-java-sdk-eventbridge-1.12.776.jar;C:\Users\VPAVAN\.m2\repository\com\amazonaws\aws-java-sdk-ec2instanceconnect\1.12.776\aws-java-sdk-ec2instanceconnect-1.12.776.jar;C:\Users\VPAVAN\.m2\repository\com\amazonaws\aws-java-sdk-applicationinsights\1.12.776\aws-java-sdk-applicationinsights-1.12.776.jar;C:\Users\VPAVAN\.m2\repository\com\amazonaws\aws-java-sdk-servicequotas\1.12.776\aws-java-sdk-servicequotas-1.12.776.jar;C:\Users\VPAVAN\.m2\repository\com\amazonaws\aws-java-sdk-personalizeevents\1.12.776\aws-java-sdk-personalizeevents-1.12.776.jar;C:\Users\VPAVAN\.m2\repository\com\amazonaws\aws-java-sdk-personalize\1.12.776\aws-java-sdk-personalize-1.12.776.jar;C:\Users\VPAVAN\.m2\repository\com\amazonaws\aws-java-sdk-personalizeruntime\1.12.776\aws-java-sdk-personalizeruntime-1.12.776.jar;C:\Users\VPAVAN\.m2\repository\com\amazonaws\aws-java-sdk-ioteventsdata\1.12.776\aws-java-sdk-ioteventsdata-1.12.776.jar;C:\Users\VPAVAN\.m2\repository\com\amazonaws\aws-java-sdk-iotevents\1.12.776\aws-java-sdk-iotevents-1.12.776.jar;C:\Users\VPAVAN\.m2\repository\com\amazonaws\aws-java-sdk-iotthingsgraph\1.12.776\aws-java-sdk-iotthingsgraph-1.12.776.jar;C:\Users\VPAVAN\.m2\repository\com\amazonaws\aws-java-sdk-groundstation\1.12.776\aws-java-sdk-groundstation-1.12.776.jar;C:\Users\VPAVAN\.m2\repository\com\amazonaws\aws-java-sdk-mediapackagevod\1.12.776\aws-java-sdk-mediapackagevod-1.12.776.jar;C:\Users\VPAVAN\.m2\repository\com\amazonaws\aws-java-sdk-managedblockchain\1.12.776\aws-java-sdk-managedblockchain-1.12.776.jar;C:\Users\VPAVAN\.m2\repository\com\amazonaws\aws-java-sdk-textract\1.12.776\aws-java-sdk-textract-1.12.776.jar;C:\Users\VPAVAN\.m2\repository\com\amazonaws\aws-java-sdk-worklink\1.12.776\aws-java-sdk-worklink-1.12.776.jar;C:\Users\VPAVAN\.m2\repository\com\amazonaws\aws-java-sdk-backup\1.12.776\aws-java-sdk-backup-1.12.776.jar;C:\Users\VPAVAN\.m2\repository\com\amazonaws\aws-java-sdk-docdb\1.12.776\aws-java-sdk-docdb-1.12.776.jar;C:\Users\VPAVAN\.m2\repository\com\amazonaws\aws-java-sdk-apigatewayv2\1.12.776\aws-java-sdk-apigatewayv2-1.12.776.jar;C:\Users\VPAVAN\.m2\repository\com\amazonaws\aws-java-sdk-apigatewaymanagementapi\1.12.776\aws-java-sdk-apigatewaymanagementapi-1.12.776.jar;C:\Users\VPAVAN\.m2\repository\com\amazonaws\aws-java-sdk-kafka\1.12.776\aws-java-sdk-kafka-1.12.776.jar;C:\Users\VPAVAN\.m2\repository\com\amazonaws\aws-java-sdk-appmesh\1.12.776\aws-java-sdk-appmesh-1.12.776.jar;C:\Users\VPAVAN\.m2\repository\com\amazonaws\aws-java-sdk-licensemanager\1.12.776\aws-java-sdk-licensemanager-1.12.776.jar;C:\Users\VPAVAN\.m2\repository\com\amazonaws\aws-java-sdk-securityhub\1.12.776\aws-java-sdk-securityhub-1.12.776.jar;C:\Users\VPAVAN\.m2\repository\com\amazonaws\aws-java-sdk-fsx\1.12.776\aws-java-sdk-fsx-1.12.776.jar;C:\Users\VPAVAN\.m2\repository\com\amazonaws\aws-java-sdk-mediaconnect\1.12.776\aws-java-sdk-mediaconnect-1.12.776.jar;C:\Users\VPAVAN\.m2\repository\com\amazonaws\aws-java-sdk-kinesisanalyticsv2\1.12.776\aws-java-sdk-kinesisanalyticsv2-1.12.776.jar;C:\Users\VPAVAN\.m2\repository\com\amazonaws\aws-java-sdk-comprehendmedical\1.12.776\aws-java-sdk-comprehendmedical-1.12.776.jar;C:\Users\VPAVAN\.m2\repository\com\amazonaws\aws-java-sdk-globalaccelerator\1.12.776\aws-java-sdk-globalaccelerator-1.12.776.jar;C:\Users\VPAVAN\.m2\repository\com\amazonaws\aws-java-sdk-transfer\1.12.776\aws-java-sdk-transfer-1.12.776.jar;C:\Users\VPAVAN\.m2\repository\com\amazonaws\aws-java-sdk-datasync\1.12.776\aws-java-sdk-datasync-1.12.776.jar;C:\Users\VPAVAN\.m2\repository\com\amazonaws\aws-java-sdk-robomaker\1.12.776\aws-java-sdk-robomaker-1.12.776.jar;C:\Users\VPAVAN\.m2\repository\com\amazonaws\aws-java-sdk-amplify\1.12.776\aws-java-sdk-amplify-1.12.776.jar;C:\Users\VPAVAN\.m2\repository\com\amazonaws\aws-java-sdk-quicksight\1.12.776\aws-java-sdk-quicksight-1.12.776.jar;C:\Users\VPAVAN\.m2\repository\com\amazonaws\aws-java-sdk-rdsdata\1.12.776\aws-java-sdk-rdsdata-1.12.776.jar;C:\Users\VPAVAN\.m2\repository\com\amazonaws\aws-java-sdk-route53resolver\1.12.776\aws-java-sdk-route53resolver-1.12.776.jar;C:\Users\VPAVAN\.m2\repository\com\amazonaws\aws-java-sdk-ram\1.12.776\aws-java-sdk-ram-1.12.776.jar;C:\Users\VPAVAN\.m2\repository\com\amazonaws\aws-java-sdk-s3control\1.12.776\aws-java-sdk-s3control-1.12.776.jar;C:\Users\VPAVAN\.m2\repository\com\amazonaws\aws-java-sdk-pinpointsmsvoice\1.12.776\aws-java-sdk-pinpointsmsvoice-1.12.776.jar;C:\Users\VPAVAN\.m2\repository\com\amazonaws\aws-java-sdk-pinpointemail\1.12.776\aws-java-sdk-pinpointemail-1.12.776.jar;C:\Users\VPAVAN\.m2\repository\com\amazonaws\aws-java-sdk-chime\1.12.776\aws-java-sdk-chime-1.12.776.jar;C:\Users\VPAVAN\.m2\repository\com\amazonaws\aws-java-sdk-signer\1.12.776\aws-java-sdk-signer-1.12.776.jar;C:\Users\VPAVAN\.m2\repository\com\amazonaws\aws-java-sdk-dlm\1.12.776\aws-java-sdk-dlm-1.12.776.jar;C:\Users\VPAVAN\.m2\repository\com\amazonaws\aws-java-sdk-eks\1.12.776\aws-java-sdk-eks-1.12.776.jar;C:\Users\VPAVAN\.m2\repository\com\amazonaws\aws-java-sdk-mediatailor\1.12.776\aws-java-sdk-mediatailor-1.12.776.jar;C:\Users\VPAVAN\.m2\repository\com\amazonaws\aws-java-sdk-neptune\1.12.776\aws-java-sdk-neptune-1.12.776.jar;C:\Users\VPAVAN\.m2\repository\com\amazonaws\aws-java-sdk-pi\1.12.776\aws-java-sdk-pi-1.12.776.jar;C:\Users\VPAVAN\.m2\repository\com\amazonaws\aws-java-sdk-iot1clickprojects\1.12.776\aws-java-sdk-iot1clickprojects-1.12.776.jar;C:\Users\VPAVAN\.m2\repository\com\amazonaws\aws-java-sdk-iot1clickdevices\1.12.776\aws-java-sdk-iot1clickdevices-1.12.776.jar;C:\Users\VPAVAN\.m2\repository\com\amazonaws\aws-java-sdk-iotanalytics\1.12.776\aws-java-sdk-iotanalytics-1.12.776.jar;C:\Users\VPAVAN\.m2\repository\com\amazonaws\aws-java-sdk-acmpca\1.12.776\aws-java-sdk-acmpca-1.12.776.jar;C:\Users\VPAVAN\.m2\repository\com\amazonaws\aws-java-sdk-secretsmanager\1.12.776\aws-java-sdk-secretsmanager-1.12.776.jar;C:\Users\VPAVAN\.m2\repository\com\amazonaws\aws-java-sdk-fms\1.12.776\aws-java-sdk-fms-1.12.776.jar;C:\Users\VPAVAN\.m2\repository\com\amazonaws\aws-java-sdk-connect\1.12.776\aws-java-sdk-connect-1.12.776.jar;C:\Users\VPAVAN\.m2\repository\com\amazonaws\aws-java-sdk-transcribe\1.12.776\aws-java-sdk-transcribe-1.12.776.jar;C:\Users\VPAVAN\.m2\repository\com\amazonaws\aws-java-sdk-autoscalingplans\1.12.776\aws-java-sdk-autoscalingplans-1.12.776.jar;C:\Users\VPAVAN\.m2\repository\com\amazonaws\aws-java-sdk-workmail\1.12.776\aws-java-sdk-workmail-1.12.776.jar;C:\Users\VPAVAN\.m2\repository\com\amazonaws\aws-java-sdk-servicediscovery\1.12.776\aws-java-sdk-servicediscovery-1.12.776.jar;C:\Users\VPAVAN\.m2\repository\com\amazonaws\aws-java-sdk-cloud9\1.12.776\aws-java-sdk-cloud9-1.12.776.jar;C:\Users\VPAVAN\.m2\repository\com\amazonaws\aws-java-sdk-serverlessapplicationrepository\1.12.776\aws-java-sdk-serverlessapplicationrepository-1.12.776.jar;C:\Users\VPAVAN\.m2\repository\com\amazonaws\aws-java-sdk-resourcegroups\1.12.776\aws-java-sdk-resourcegroups-1.12.776.jar;C:\Users\VPAVAN\.m2\repository\com\amazonaws\aws-java-sdk-comprehend\1.12.776\aws-java-sdk-comprehend-1.12.776.jar;C:\Users\VPAVAN\.m2\repository\com\amazonaws\aws-java-sdk-translate\1.12.776\aws-java-sdk-translate-1.12.776.jar;C:\Users\VPAVAN\.m2\repository\com\amazonaws\aws-java-sdk-sagemaker\1.12.776\aws-java-sdk-sagemaker-1.12.776.jar;C:\Users\VPAVAN\.m2\repository\com\amazonaws\aws-java-sdk-iotjobsdataplane\1.12.776\aws-java-sdk-iotjobsdataplane-1.12.776.jar;C:\Users\VPAVAN\.m2\repository\com\amazonaws\aws-java-sdk-sagemakerruntime\1.12.776\aws-java-sdk-sagemakerruntime-1.12.776.jar;C:\Users\VPAVAN\.m2\repository\com\amazonaws\aws-java-sdk-kinesisvideo\1.12.776\aws-java-sdk-kinesisvideo-1.12.776.jar;C:\Users\VPAVAN\.m2\repository\io\netty\netty-codec-http\4.1.108.Final\netty-codec-http-4.1.108.Final.jar;C:\Users\VPAVAN\.m2\repository\io\netty\netty-handler\4.1.108.Final\netty-handler-4.1.108.Final.jar;C:\Users\VPAVAN\.m2\repository\io\netty\netty-transport-native-unix-common\4.1.108.Final\netty-transport-native-unix-common-4.1.108.Final.jar;C:\Users\VPAVAN\.m2\repository\com\amazonaws\aws-java-sdk-appsync\1.12.776\aws-java-sdk-appsync-1.12.776.jar;C:\Users\VPAVAN\.m2\repository\com\amazonaws\aws-java-sdk-guardduty\1.12.776\aws-java-sdk-guardduty-1.12.776.jar;C:\Users\VPAVAN\.m2\repository\com\amazonaws\aws-java-sdk-mq\1.12.776\aws-java-sdk-mq-1.12.776.jar;C:\Users\VPAVAN\.m2\repository\com\amazonaws\aws-java-sdk-mediaconvert\1.12.776\aws-java-sdk-mediaconvert-1.12.776.jar;C:\Users\VPAVAN\.m2\repository\com\amazonaws\aws-java-sdk-mediastore\1.12.776\aws-java-sdk-mediastore-1.12.776.jar;C:\Users\VPAVAN\.m2\repository\com\amazonaws\aws-java-sdk-mediastoredata\1.12.776\aws-java-sdk-mediastoredata-1.12.776.jar;C:\Users\VPAVAN\.m2\repository\com\amazonaws\aws-java-sdk-medialive\1.12.776\aws-java-sdk-medialive-1.12.776.jar;C:\Users\VPAVAN\.m2\repository\com\amazonaws\aws-java-sdk-mediapackage\1.12.776\aws-java-sdk-mediapackage-1.12.776.jar;C:\Users\VPAVAN\.m2\repository\com\amazonaws\aws-java-sdk-costexplorer\1.12.776\aws-java-sdk-costexplorer-1.12.776.jar;C:\Users\VPAVAN\.m2\repository\com\amazonaws\aws-java-sdk-pricing\1.12.776\aws-java-sdk-pricing-1.12.776.jar;C:\Users\VPAVAN\.m2\repository\com\amazonaws\aws-java-sdk-cloudhsmv2\1.12.776\aws-java-sdk-cloudhsmv2-1.12.776.jar;C:\Users\VPAVAN\.m2\repository\com\amazonaws\aws-java-sdk-glue\1.12.776\aws-java-sdk-glue-1.12.776.jar;C:\Users\VPAVAN\.m2\repository\com\amazonaws\aws-java-sdk-migrationhub\1.12.776\aws-java-sdk-migrationhub-1.12.776.jar;C:\Users\VPAVAN\.m2\repository\com\amazonaws\aws-java-sdk-dax\1.12.776\aws-java-sdk-dax-1.12.776.jar;C:\Users\VPAVAN\.m2\repository\com\amazonaws\aws-java-sdk-greengrass\1.12.776\aws-java-sdk-greengrass-1.12.776.jar;C:\Users\VPAVAN\.m2\repository\com\amazonaws\aws-java-sdk-athena\1.12.776\aws-java-sdk-athena-1.12.776.jar;C:\Users\VPAVAN\.m2\repository\com\amazonaws\aws-java-sdk-marketplaceentitlement\1.12.776\aws-java-sdk-marketplaceentitlement-1.12.776.jar;C:\Users\VPAVAN\.m2\repository\com\amazonaws\aws-java-sdk-codestar\1.12.776\aws-java-sdk-codestar-1.12.776.jar;C:\Users\VPAVAN\.m2\repository\com\amazonaws\aws-java-sdk-lexmodelbuilding\1.12.776\aws-java-sdk-lexmodelbuilding-1.12.776.jar;C:\Users\VPAVAN\.m2\repository\com\amazonaws\aws-java-sdk-resourcegroupstaggingapi\1.12.776\aws-java-sdk-resourcegroupstaggingapi-1.12.776.jar;C:\Users\VPAVAN\.m2\repository\com\amazonaws\aws-java-sdk-pinpoint\1.12.776\aws-java-sdk-pinpoint-1.12.776.jar;C:\Users\VPAVAN\.m2\repository\com\amazonaws\aws-java-sdk-xray\1.12.776\aws-java-sdk-xray-1.12.776.jar;C:\Users\VPAVAN\.m2\repository\com\amazonaws\aws-java-sdk-opsworkscm\1.12.776\aws-java-sdk-opsworkscm-1.12.776.jar;C:\Users\VPAVAN\.m2\repository\com\amazonaws\aws-java-sdk-support\1.12.776\aws-java-sdk-support-1.12.776.jar;C:\Users\VPAVAN\.m2\repository\com\amazonaws\aws-java-sdk-simpledb\1.12.776\aws-java-sdk-simpledb-1.12.776.jar;C:\Users\VPAVAN\.m2\repository\com\amazonaws\aws-java-sdk-servicecatalog\1.12.776\aws-java-sdk-servicecatalog-1.12.776.jar;C:\Users\VPAVAN\.m2\repository\com\amazonaws\aws-java-sdk-servermigration\1.12.776\aws-java-sdk-servermigration-1.12.776.jar;C:\Users\VPAVAN\.m2\repository\com\amazonaws\aws-java-sdk-simpleworkflow\1.12.776\aws-java-sdk-simpleworkflow-1.12.776.jar;C:\Users\VPAVAN\.m2\repository\com\amazonaws\aws-java-sdk-storagegateway\1.12.776\aws-java-sdk-storagegateway-1.12.776.jar;C:\Users\VPAVAN\.m2\repository\com\amazonaws\aws-java-sdk-route53\1.12.776\aws-java-sdk-route53-1.12.776.jar;C:\Users\VPAVAN\.m2\repository\com\amazonaws\aws-java-sdk-s3\1.12.776\aws-java-sdk-s3-1.12.776.jar;C:\Users\VPAVAN\.m2\repository\com\amazonaws\aws-java-sdk-importexport\1.12.776\aws-java-sdk-importexport-1.12.776.jar;C:\Users\VPAVAN\.m2\repository\com\amazonaws\aws-java-sdk-sts\1.12.776\aws-java-sdk-sts-1.12.776.jar;C:\Users\VPAVAN\.m2\repository\com\amazonaws\aws-java-sdk-sqs\1.12.776\aws-java-sdk-sqs-1.12.776.jar;C:\Users\VPAVAN\.m2\repository\com\amazonaws\aws-java-sdk-rds\1.12.776\aws-java-sdk-rds-1.12.776.jar;C:\Users\VPAVAN\.m2\repository\com\amazonaws\aws-java-sdk-redshift\1.12.776\aws-java-sdk-redshift-1.12.776.jar;C:\Users\VPAVAN\.m2\repository\com\amazonaws\aws-java-sdk-elasticbeanstalk\1.12.776\aws-java-sdk-elasticbeanstalk-1.12.776.jar;C:\Users\VPAVAN\.m2\repository\com\amazonaws\aws-java-sdk-glacier\1.12.776\aws-java-sdk-glacier-1.12.776.jar;C:\Users\VPAVAN\.m2\repository\com\amazonaws\aws-java-sdk-iam\1.12.776\aws-java-sdk-iam-1.12.776.jar;C:\Users\VPAVAN\.m2\repository\com\amazonaws\aws-java-sdk-datapipeline\1.12.776\aws-java-sdk-datapipeline-1.12.776.jar;C:\Users\VPAVAN\.m2\repository\com\amazonaws\aws-java-sdk-elasticloadbalancing\1.12.776\aws-java-sdk-elasticloadbalancing-1.12.776.jar;C:\Users\VPAVAN\.m2\repository\com\amazonaws\aws-java-sdk-elasticloadbalancingv2\1.12.776\aws-java-sdk-elasticloadbalancingv2-1.12.776.jar;C:\Users\VPAVAN\.m2\repository\com\amazonaws\aws-java-sdk-emr\1.12.776\aws-java-sdk-emr-1.12.776.jar;C:\Users\VPAVAN\.m2\repository\com\amazonaws\aws-java-sdk-elasticache\1.12.776\aws-java-sdk-elasticache-1.12.776.jar;C:\Users\VPAVAN\.m2\repository\com\amazonaws\aws-java-sdk-elastictranscoder\1.12.776\aws-java-sdk-elastictranscoder-1.12.776.jar;C:\Users\VPAVAN\.m2\repository\com\amazonaws\aws-java-sdk-ec2\1.12.776\aws-java-sdk-ec2-1.12.776.jar;C:\Users\VPAVAN\.m2\repository\com\amazonaws\aws-java-sdk-dynamodb\1.12.776\aws-java-sdk-dynamodb-1.12.776.jar;C:\Users\VPAVAN\.m2\repository\com\amazonaws\aws-java-sdk-sns\1.12.776\aws-java-sdk-sns-1.12.776.jar;C:\Users\VPAVAN\.m2\repository\com\amazonaws\aws-java-sdk-budgets\1.12.776\aws-java-sdk-budgets-1.12.776.jar;C:\Users\VPAVAN\.m2\repository\com\amazonaws\aws-java-sdk-cloudtrail\1.12.776\aws-java-sdk-cloudtrail-1.12.776.jar;C:\Users\VPAVAN\.m2\repository\com\amazonaws\aws-java-sdk-cloudwatch\1.12.776\aws-java-sdk-cloudwatch-1.12.776.jar;C:\Users\VPAVAN\.m2\repository\com\amazonaws\aws-java-sdk-logs\1.12.776\aws-java-sdk-logs-1.12.776.jar;C:\Users\VPAVAN\.m2\repository\com\amazonaws\aws-java-sdk-events\1.12.776\aws-java-sdk-events-1.12.776.jar;C:\Users\VPAVAN\.m2\repository\com\amazonaws\aws-java-sdk-cognitoidentity\1.12.776\aws-java-sdk-cognitoidentity-1.12.776.jar;C:\Users\VPAVAN\.m2\repository\com\amazonaws\aws-java-sdk-cognitosync\1.12.776\aws-java-sdk-cognitosync-1.12.776.jar;C:\Users\VPAVAN\.m2\repository\com\amazonaws\aws-java-sdk-directconnect\1.12.776\aws-java-sdk-directconnect-1.12.776.jar;C:\Users\VPAVAN\.m2\repository\com\amazonaws\aws-java-sdk-cloudformation\1.12.776\aws-java-sdk-cloudformation-1.12.776.jar;C:\Users\VPAVAN\.m2\repository\com\amazonaws\aws-java-sdk-cloudfront\1.12.776\aws-java-sdk-cloudfront-1.12.776.jar;C:\Users\VPAVAN\.m2\repository\com\amazonaws\aws-java-sdk-clouddirectory\1.12.776\aws-java-sdk-clouddirectory-1.12.776.jar;C:\Users\VPAVAN\.m2\repository\com\amazonaws\aws-java-sdk-kinesis\1.12.776\aws-java-sdk-kinesis-1.12.776.jar;C:\Users\VPAVAN\.m2\repository\com\amazonaws\aws-java-sdk-opsworks\1.12.776\aws-java-sdk-opsworks-1.12.776.jar;C:\Users\VPAVAN\.m2\repository\com\amazonaws\aws-java-sdk-ses\1.12.776\aws-java-sdk-ses-1.12.776.jar;C:\Users\VPAVAN\.m2\repository\com\amazonaws\aws-java-sdk-autoscaling\1.12.776\aws-java-sdk-autoscaling-1.12.776.jar;C:\Users\VPAVAN\.m2\repository\com\amazonaws\aws-java-sdk-cloudsearch\1.12.776\aws-java-sdk-cloudsearch-1.12.776.jar;C:\Users\VPAVAN\.m2\repository\com\amazonaws\aws-java-sdk-cloudwatchmetrics\1.12.776\aws-java-sdk-cloudwatchmetrics-1.12.776.jar;C:\Users\VPAVAN\.m2\repository\com\amazonaws\aws-java-sdk-codedeploy\1.12.776\aws-java-sdk-codedeploy-1.12.776.jar;C:\Users\VPAVAN\.m2\repository\com\amazonaws\aws-java-sdk-codepipeline\1.12.776\aws-java-sdk-codepipeline-1.12.776.jar;C:\Users\VPAVAN\.m2\repository\com\amazonaws\aws-java-sdk-kms\1.12.776\aws-java-sdk-kms-1.12.776.jar;C:\Users\VPAVAN\.m2\repository\com\amazonaws\aws-java-sdk-config\1.12.776\aws-java-sdk-config-1.12.776.jar;C:\Users\VPAVAN\.m2\repository\com\amazonaws\aws-java-sdk-lambda\1.12.776\aws-java-sdk-lambda-1.12.776.jar;C:\Users\VPAVAN\.m2\repository\com\amazonaws\aws-java-sdk-ecs\1.12.776\aws-java-sdk-ecs-1.12.776.jar;C:\Users\VPAVAN\.m2\repository\com\amazonaws\aws-java-sdk-ecr\1.12.776\aws-java-sdk-ecr-1.12.776.jar;C:\Users\VPAVAN\.m2\repository\com\amazonaws\aws-java-sdk-cloudhsm\1.12.776\aws-java-sdk-cloudhsm-1.12.776.jar;C:\Users\VPAVAN\.m2\repository\com\amazonaws\aws-java-sdk-ssm\1.12.776\aws-java-sdk-ssm-1.12.776.jar;C:\Users\VPAVAN\.m2\repository\com\amazonaws\aws-java-sdk-workspaces\1.12.776\aws-java-sdk-workspaces-1.12.776.jar;C:\Users\VPAVAN\.m2\repository\com\amazonaws\aws-java-sdk-machinelearning\1.12.776\aws-java-sdk-machinelearning-1.12.776.jar;C:\Users\VPAVAN\.m2\repository\com\amazonaws\aws-java-sdk-directory\1.12.776\aws-java-sdk-directory-1.12.776.jar;C:\Users\VPAVAN\.m2\repository\com\amazonaws\aws-java-sdk-efs\1.12.776\aws-java-sdk-efs-1.12.776.jar;C:\Users\VPAVAN\.m2\repository\com\amazonaws\aws-java-sdk-codecommit\1.12.776\aws-java-sdk-codecommit-1.12.776.jar;C:\Users\VPAVAN\.m2\repository\com\amazonaws\aws-java-sdk-devicefarm\1.12.776\aws-java-sdk-devicefarm-1.12.776.jar;C:\Users\VPAVAN\.m2\repository\com\amazonaws\aws-java-sdk-elasticsearch\1.12.776\aws-java-sdk-elasticsearch-1.12.776.jar;C:\Users\VPAVAN\.m2\repository\com\amazonaws\aws-java-sdk-waf\1.12.776\aws-java-sdk-waf-1.12.776.jar;C:\Users\VPAVAN\.m2\repository\com\amazonaws\aws-java-sdk-marketplacecommerceanalytics\1.12.776\aws-java-sdk-marketplacecommerceanalytics-1.12.776.jar;C:\Users\VPAVAN\.m2\repository\com\amazonaws\aws-java-sdk-inspector\1.12.776\aws-java-sdk-inspector-1.12.776.jar;C:\Users\VPAVAN\.m2\repository\com\amazonaws\aws-java-sdk-iot\1.12.776\aws-java-sdk-iot-1.12.776.jar;C:\Users\VPAVAN\.m2\repository\com\amazonaws\aws-java-sdk-api-gateway\1.12.776\aws-java-sdk-api-gateway-1.12.776.jar;C:\Users\VPAVAN\.m2\repository\com\amazonaws\aws-java-sdk-acm\1.12.776\aws-java-sdk-acm-1.12.776.jar;C:\Users\VPAVAN\.m2\repository\com\amazonaws\aws-java-sdk-gamelift\1.12.776\aws-java-sdk-gamelift-1.12.776.jar;C:\Users\VPAVAN\.m2\repository\com\amazonaws\aws-java-sdk-dms\1.12.776\aws-java-sdk-dms-1.12.776.jar;C:\Users\VPAVAN\.m2\repository\com\amazonaws\aws-java-sdk-marketplacemeteringservice\1.12.776\aws-java-sdk-marketplacemeteringservice-1.12.776.jar;C:\Users\VPAVAN\.m2\repository\com\amazonaws\aws-java-sdk-cognitoidp\1.12.776\aws-java-sdk-cognitoidp-1.12.776.jar;C:\Users\VPAVAN\.m2\repository\com\amazonaws\aws-java-sdk-discovery\1.12.776\aws-java-sdk-discovery-1.12.776.jar;C:\Users\VPAVAN\.m2\repository\com\amazonaws\aws-java-sdk-applicationautoscaling\1.12.776\aws-java-sdk-applicationautoscaling-1.12.776.jar;C:\Users\VPAVAN\.m2\repository\com\amazonaws\aws-java-sdk-snowball\1.12.776\aws-java-sdk-snowball-1.12.776.jar;C:\Users\VPAVAN\.m2\repository\com\amazonaws\aws-java-sdk-rekognition\1.12.776\aws-java-sdk-rekognition-1.12.776.jar;C:\Users\VPAVAN\.m2\repository\com\amazonaws\aws-java-sdk-polly\1.12.776\aws-java-sdk-polly-1.12.776.jar;C:\Users\VPAVAN\.m2\repository\com\amazonaws\aws-java-sdk-lightsail\1.12.776\aws-java-sdk-lightsail-1.12.776.jar;C:\Users\VPAVAN\.m2\repository\com\amazonaws\aws-java-sdk-stepfunctions\1.12.776\aws-java-sdk-stepfunctions-1.12.776.jar;C:\Users\VPAVAN\.m2\repository\com\amazonaws\aws-java-sdk-health\1.12.776\aws-java-sdk-health-1.12.776.jar;C:\Users\VPAVAN\.m2\repository\com\amazonaws\aws-java-sdk-costandusagereport\1.12.776\aws-java-sdk-costandusagereport-1.12.776.jar;C:\Users\VPAVAN\.m2\repository\com\amazonaws\aws-java-sdk-codebuild\1.12.776\aws-java-sdk-codebuild-1.12.776.jar;C:\Users\VPAVAN\.m2\repository\com\amazonaws\aws-java-sdk-appstream\1.12.776\aws-java-sdk-appstream-1.12.776.jar;C:\Users\VPAVAN\.m2\repository\com\amazonaws\aws-java-sdk-shield\1.12.776\aws-java-sdk-shield-1.12.776.jar;C:\Users\VPAVAN\.m2\repository\com\amazonaws\aws-java-sdk-batch\1.12.776\aws-java-sdk-batch-1.12.776.jar;C:\Users\VPAVAN\.m2\repository\com\amazonaws\aws-java-sdk-lex\1.12.776\aws-java-sdk-lex-1.12.776.jar;C:\Users\VPAVAN\.m2\repository\com\amazonaws\aws-java-sdk-mechanicalturkrequester\1.12.776\aws-java-sdk-mechanicalturkrequester-1.12.776.jar;C:\Users\VPAVAN\.m2\repository\com\amazonaws\aws-java-sdk-organizations\1.12.776\aws-java-sdk-organizations-1.12.776.jar;C:\Users\VPAVAN\.m2\repository\com\amazonaws\aws-java-sdk-workdocs\1.12.776\aws-java-sdk-workdocs-1.12.776.jar;C:\Users\VPAVAN\.m2\repository\com\amazonaws\aws-java-sdk-core\1.12.776\aws-java-sdk-core-1.12.776.jar;C:\Users\VPAVAN\.m2\repository\com\fasterxml\jackson\dataformat\jackson-dataformat-cbor\2.17.2\jackson-dataformat-cbor-2.17.2.jar;C:\Users\VPAVAN\.m2\repository\joda-time\joda-time\2.12.7\joda-time-2.12.7.jar;C:\Users\VPAVAN\.m2\repository\com\amazonaws\aws-java-sdk-models\1.12.776\aws-java-sdk-models-1.12.776.jar;C:\Users\VPAVAN\.m2\repository\com\amazonaws\aws-java-sdk-swf-libraries\1.11.22\aws-java-sdk-swf-libraries-1.11.22.jar;C:\Users\VPAVAN\.m2\repository\software\amazon\awssdk\http-client-spi\2.28.26\http-client-spi-2.28.26.jar;C:\Users\VPAVAN\.m2\repository\software\amazon\awssdk\annotations\2.28.26\annotations-2.28.26.jar;C:\Users\VPAVAN\.m2\repository\software\amazon\awssdk\utils\2.28.26\utils-2.28.26.jar;C:\Users\VPAVAN\.m2\repository\software\amazon\awssdk\metrics-spi\2.28.26\metrics-spi-2.28.26.jar;C:\Users\VPAVAN\.m2\repository\org\reactivestreams\reactive-streams\1.0.4\reactive-streams-1.0.4.jar;C:\Users\VPAVAN\.m2\repository\software\amazon\awssdk\apache-client\2.28.26\apache-client-2.28.26.jar;C:\Users\VPAVAN\.m2\repository\org\apache\httpcomponents\httpcore\4.4.16\httpcore-4.4.16.jar;C:\Users\VPAVAN\.m2\repository\software\amazon\awssdk\ec2\2.28.26\ec2-2.28.26.jar;C:\Users\VPAVAN\.m2\repository\software\amazon\awssdk\aws-query-protocol\2.28.26\aws-query-protocol-2.28.26.jar;C:\Users\VPAVAN\.m2\repository\software\amazon\awssdk\protocol-core\2.28.26\protocol-core-2.28.26.jar;C:\Users\VPAVAN\.m2\repository\software\amazon\awssdk\http-auth-aws\2.28.26\http-auth-aws-2.28.26.jar;C:\Users\VPAVAN\.m2\repository\software\amazon\awssdk\checksums-spi\2.28.26\checksums-spi-2.28.26.jar;C:\Users\VPAVAN\.m2\repository\software\amazon\awssdk\checksums\2.28.26\checksums-2.28.26.jar;C:\Users\VPAVAN\.m2\repository\software\amazon\awssdk\sdk-core\2.28.26\sdk-core-2.28.26.jar;C:\Users\VPAVAN\.m2\repository\software\amazon\awssdk\retries\2.28.26\retries-2.28.26.jar;C:\Users\VPAVAN\.m2\repository\software\amazon\awssdk\http-auth-spi\2.28.26\http-auth-spi-2.28.26.jar;C:\Users\VPAVAN\.m2\repository\software\amazon\awssdk\http-auth\2.28.26\http-auth-2.28.26.jar;C:\Users\VPAVAN\.m2\repository\software\amazon\awssdk\identity-spi\2.28.26\identity-spi-2.28.26.jar;C:\Users\VPAVAN\.m2\repository\software\amazon\awssdk\aws-core\2.28.26\aws-core-2.28.26.jar;C:\Users\VPAVAN\.m2\repository\software\amazon\awssdk\json-utils\2.28.26\json-utils-2.28.26.jar;C:\Users\VPAVAN\.m2\repository\software\amazon\awssdk\third-party-jackson-core\2.28.26\third-party-jackson-core-2.28.26.jar;C:\Users\VPAVAN\.m2\repository\software\amazon\awssdk\endpoints-spi\2.28.26\endpoints-spi-2.28.26.jar;C:\Users\VPAVAN\.m2\repository\software\amazon\awssdk\retries-spi\2.28.26\retries-spi-2.28.26.jar;C:\Users\VPAVAN\.m2\repository\software\amazon\awssdk\netty-nio-client\2.28.26\netty-nio-client-2.28.26.jar;C:\Users\VPAVAN\.m2\repository\io\netty\netty-codec-http2\4.1.112.Final\netty-codec-http2-4.1.112.Final.jar;C:\Users\VPAVAN\.m2\repository\io\netty\netty-codec\4.1.112.Final\netty-codec-4.1.112.Final.jar;C:\Users\VPAVAN\.m2\repository\io\netty\netty-transport\4.1.112.Final\netty-transport-4.1.112.Final.jar;C:\Users\VPAVAN\.m2\repository\io\netty\netty-common\4.1.112.Final\netty-common-4.1.112.Final.jar;C:\Users\VPAVAN\.m2\repository\io\netty\netty-buffer\4.1.112.Final\netty-buffer-4.1.112.Final.jar;C:\Users\VPAVAN\.m2\repository\io\netty\netty-transport-classes-epoll\4.1.112.Final\netty-transport-classes-epoll-4.1.112.Final.jar;C:\Users\VPAVAN\.m2\repository\io\netty\netty-resolver\4.1.112.Final\netty-resolver-4.1.112.Final.jar;C:\Users\VPAVAN\.m2\repository\software\amazon\awssdk\regions\2.28.26\regions-2.28.26.jar;C:\Users\VPAVAN\.m2\repository\software\amazon\awssdk\profiles\2.28.26\profiles-2.28.26.jar;C:\Users\VPAVAN\.m2\repository\org\slf4j\slf4j-api\1.7.36\slf4j-api-1.7.36.jar;C:\Users\VPAVAN\.m2\repository\io\cucumber\cucumber-junit\7.18.1\cucumber-junit-7.18.1.jar;C:\Users\VPAVAN\.m2\repository\junit\junit\4.13.2\junit-4.13.2.jar;C:\Users\VPAVAN\.m2\repository\org\hamcrest\hamcrest-core\1.3\hamcrest-core-1.3.jar;C:\Users\VPAVAN\.m2\repository\software\amazon\awssdk\auth\2.28.26\auth-2.28.26.jar;C:\Users\VPAVAN\.m2\repository\software\amazon\awssdk\http-auth-aws-eventstream\2.28.26\http-auth-aws-eventstream-2.28.26.jar;C:\Users\VPAVAN\.m2\repository\software\amazon\eventstream\eventstream\1.0.1\eventstream-1.0.1.jar;C:\Users\VPAVAN\.m2\repository\com\fasterxml\jackson\core\jackson-databind\2.16.1\jackson-databind-2.16.1.jar;C:\Users\VPAVAN\.m2\repository\com\fasterxml\jackson\core\jackson-annotations\2.16.1\jackson-annotations-2.16.1.jar;C:\Users\VPAVAN\.m2\repository\com\fasterxml\jackson\core\jackson-core\2.16.1\jackson-core-2.16.1.jar;C:\Users\VPAVAN\.m2\repository\org\testng\testng\7.9.0\testng-7.9.0.jar;C:\Users\VPAVAN\.m2\repository\com\beust\jcommander\1.82\jcommander-1.82.jar;C:\Users\VPAVAN\.m2\repository\org\webjars\jquery\3.7.1\jquery-3.7.1.jar;C:\Users\VPAVAN\.m2\repository\io\cucumber\cucumber-testng\7.15.0\cucumber-testng-7.15.0.jar;C:\Users\VPAVAN\.m2\repository\io\cucumber\cucumber-picocontainer\7.15.0\cucumber-picocontainer-7.15.0.jar;C:\Users\VPAVAN\.m2\repository\org\picocontainer\picocontainer\2.15\picocontainer-2.15.jar;C:\Users\VPAVAN\.m2\repository\io\github\bonigarcia\webdrivermanager\5.6.2\webdrivermanager-5.6.2.jar;C:\Users\VPAVAN\.m2\repository\com\google\code\gson\gson\2.10.1\gson-2.10.1.jar;C:\Users\VPAVAN\.m2\repository\com\github\docker-java\docker-java\3.3.4\docker-java-3.3.4.jar;C:\Users\VPAVAN\.m2\repository\com\github\docker-java\docker-java-core\3.3.4\docker-java-core-3.3.4.jar;C:\Users\VPAVAN\.m2\repository\com\github\docker-java\docker-java-api\3.3.4\docker-java-api-3.3.4.jar;C:\Users\VPAVAN\.m2\repository\org\bouncycastle\bcpkix-jdk18on\1.76\bcpkix-jdk18on-1.76.jar;C:\Users\VPAVAN\.m2\repository\org\bouncycastle\bcprov-jdk18on\1.76\bcprov-jdk18on-1.76.jar;C:\Users\VPAVAN\.m2\repository\org\bouncycastle\bcutil-jdk18on\1.76\bcutil-jdk18on-1.76.jar;C:\Users\VPAVAN\.m2\repository\org\slf4j\jcl-over-slf4j\1.7.30\jcl-over-slf4j-1.7.30.jar;C:\Users\VPAVAN\.m2\repository\com\github\docker-java\docker-java-transport-httpclient5\3.3.4\docker-java-transport-httpclient5-3.3.4.jar;C:\Users\VPAVAN\.m2\repository\com\github\docker-java\docker-java-transport\3.3.4\docker-java-transport-3.3.4.jar;C:\Users\VPAVAN\.m2\repository\net\java\dev\jna\jna\5.13.0\jna-5.13.0.jar;C:\Users\VPAVAN\.m2\repository\org\brotli\dec\0.1.2\dec-0.1.2.jar;C:\Users\VPAVAN\.m2\repository\org\apache\commons\commons-lang3\3.13.0\commons-lang3-3.13.0.jar;C:\Users\VPAVAN\.m2\repository\org\apache\httpcomponents\client5\httpclient5\5.2.1\httpclient5-5.2.1.jar;C:\Users\VPAVAN\.m2\repository\org\apache\httpcomponents\core5\httpcore5\5.2\httpcore5-5.2.jar;C:\Users\VPAVAN\.m2\repository\org\apache\httpcomponents\core5\httpcore5-h2\5.2\httpcore5-h2-5.2.jar;C:\Users\VPAVAN\.m2\repository\org\hamcrest\hamcrest\2.2\hamcrest-2.2.jar;C:\Users\VPAVAN\.m2\repository\org\seleniumhq\selenium\selenium-java\4.16.1\selenium-java-4.16.1.jar;C:\Users\VPAVAN\.m2\repository\org\seleniumhq\selenium\selenium-api\4.16.1\selenium-api-4.16.1.jar;C:\Users\VPAVAN\.m2\repository\org\seleniumhq\selenium\selenium-chrome-driver\4.16.1\selenium-chrome-driver-4.16.1.jar;C:\Users\VPAVAN\.m2\repository\com\google\auto\service\auto-service-annotations\1.1.1\auto-service-annotations-1.1.1.jar;C:\Users\VPAVAN\.m2\repository\org\seleniumhq\selenium\selenium-chromium-driver\4.16.1\selenium-chromium-driver-4.16.1.jar;C:\Users\VPAVAN\.m2\repository\org\seleniumhq\selenium\selenium-json\4.16.1\selenium-json-4.16.1.jar;C:\Users\VPAVAN\.m2\repository\org\seleniumhq\selenium\selenium-manager\4.16.1\selenium-manager-4.16.1.jar;C:\Users\VPAVAN\.m2\repository\org\seleniumhq\selenium\selenium-devtools-v118\4.16.1\selenium-devtools-v118-4.16.1.jar;C:\Users\VPAVAN\.m2\repository\org\seleniumhq\selenium\selenium-devtools-v119\4.16.1\selenium-devtools-v119-4.16.1.jar;C:\Users\VPAVAN\.m2\repository\org\seleniumhq\selenium\selenium-devtools-v120\4.16.1\selenium-devtools-v120-4.16.1.jar;C:\Users\VPAVAN\.m2\repository\org\seleniumhq\selenium\selenium-devtools-v85\4.16.1\selenium-devtools-v85-4.16.1.jar;C:\Users\VPAVAN\.m2\repository\org\seleniumhq\selenium\selenium-edge-driver\4.16.1\selenium-edge-driver-4.16.1.jar;C:\Users\VPAVAN\.m2\repository\org\seleniumhq\selenium\selenium-firefox-driver\4.16.1\selenium-firefox-driver-4.16.1.jar;C:\Users\VPAVAN\.m2\repository\org\seleniumhq\selenium\selenium-http\4.16.1\selenium-http-4.16.1.jar;C:\Users\VPAVAN\.m2\repository\dev\failsafe\failsafe\3.3.2\failsafe-3.3.2.jar;C:\Users\VPAVAN\.m2\repository\org\seleniumhq\selenium\selenium-ie-driver\4.16.1\selenium-ie-driver-4.16.1.jar;C:\Users\VPAVAN\.m2\repository\org\seleniumhq\selenium\selenium-remote-driver\4.16.1\selenium-remote-driver-4.16.1.jar;C:\Users\VPAVAN\.m2\repository\com\google\guava\guava\32.1.2-jre\guava-32.1.2-jre.jar;C:\Users\VPAVAN\.m2\repository\com\google\guava\failureaccess\1.0.1\failureaccess-1.0.1.jar;C:\Users\VPAVAN\.m2\repository\com\google\guava\listenablefuture\9999.0-empty-to-avoid-conflict-with-guava\listenablefuture-9999.0-empty-to-avoid-conflict-with-guava.jar;C:\Users\VPAVAN\.m2\repository\com\google\code\findbugs\jsr305\3.0.2\jsr305-3.0.2.jar;C:\Users\VPAVAN\.m2\repository\org\checkerframework\checker-qual\3.33.0\checker-qual-3.33.0.jar;C:\Users\VPAVAN\.m2\repository\com\google\errorprone\error_prone_annotations\2.18.0\error_prone_annotations-2.18.0.jar;C:\Users\VPAVAN\.m2\repository\com\google\j2objc\j2objc-annotations\2.8\j2objc-annotations-2.8.jar;C:\Users\VPAVAN\.m2\repository\io\opentelemetry\opentelemetry-api\1.28.0\opentelemetry-api-1.28.0.jar;C:\Users\VPAVAN\.m2\repository\io\opentelemetry\opentelemetry-context\1.28.0\opentelemetry-context-1.28.0.jar;C:\Users\VPAVAN\.m2\repository\io\opentelemetry\opentelemetry-exporter-logging\1.28.0\opentelemetry-exporter-logging-1.28.0.jar;C:\Users\VPAVAN\.m2\repository\io\opentelemetry\opentelemetry-sdk-metrics\1.28.0\opentelemetry-sdk-metrics-1.28.0.jar;C:\Users\VPAVAN\.m2\repository\io\opentelemetry\opentelemetry-extension-incubator\1.28.0-alpha\opentelemetry-extension-incubator-1.28.0-alpha.jar;C:\Users\VPAVAN\.m2\repository\io\opentelemetry\opentelemetry-sdk-logs\1.28.0\opentelemetry-sdk-logs-1.28.0.jar;C:\Users\VPAVAN\.m2\repository\io\opentelemetry\opentelemetry-sdk-common\1.28.0\opentelemetry-sdk-common-1.28.0.jar;C:\Users\VPAVAN\.m2\repository\io\opentelemetry\opentelemetry-sdk-extension-autoconfigure-spi\1.28.0\opentelemetry-sdk-extension-autoconfigure-spi-1.28.0.jar;C:\Users\VPAVAN\.m2\repository\io\opentelemetry\opentelemetry-sdk-extension-autoconfigure\1.28.0\opentelemetry-sdk-extension-autoconfigure-1.28.0.jar;C:\Users\VPAVAN\.m2\repository\io\opentelemetry\opentelemetry-api-events\1.28.0-alpha\opentelemetry-api-events-1.28.0-alpha.jar;C:\Users\VPAVAN\.m2\repository\io\opentelemetry\opentelemetry-sdk-trace\1.28.0\opentelemetry-sdk-trace-1.28.0.jar;C:\Users\VPAVAN\.m2\repository\io\opentelemetry\opentelemetry-sdk\1.28.0\opentelemetry-sdk-1.28.0.jar;C:\Users\VPAVAN\.m2\repository\io\opentelemetry\opentelemetry-semconv\1.28.0-alpha\opentelemetry-semconv-1.28.0-alpha.jar;C:\Users\VPAVAN\.m2\repository\net\bytebuddy\byte-buddy\1.14.5\byte-buddy-1.14.5.jar;C:\Users\VPAVAN\.m2\repository\org\seleniumhq\selenium\selenium-os\4.16.1\selenium-os-4.16.1.jar;C:\Users\VPAVAN\.m2\repository\org\apache\commons\commons-exec\1.3\commons-exec-1.3.jar;C:\Users\VPAVAN\.m2\repository\org\seleniumhq\selenium\selenium-safari-driver\4.16.1\selenium-safari-driver-4.16.1.jar;C:\Users\VPAVAN\.m2\repository\org\seleniumhq\selenium\selenium-support\4.16.1\selenium-support-4.16.1.jar;C:\Users\VPAVAN\.m2\repository\com\aventstack\extentreports\5.1.1\extentreports-5.1.1.jar;C:\Users\VPAVAN\.m2\repository\io\reactivex\rxjava3\rxjava\3.1.6\rxjava-3.1.6.jar;C:\Users\VPAVAN\.m2\repository\org\freemarker\freemarker\2.3.32\freemarker-2.3.32.jar;C:\Users\VPAVAN\.m2\repository\org\projectlombok\lombok\1.18.26\lombok-1.18.26.jar;C:\Users\VPAVAN\.m2\repository\tech\grasshopper\extentreports-cucumber7-adapter\1.14.0\extentreports-cucumber7-adapter-1.14.0.jar;C:\Users\VPAVAN\.m2\repository\tech\grasshopper\extent-pdf-report\2.12.0\extent-pdf-report-2.12.0.jar;C:\Users\VPAVAN\.m2\repository\tech\grasshopper\cucumber-pdf-report\2.14.0\cucumber-pdf-report-2.14.0.jar;C:\Users\VPAVAN\.m2\repository\org\apache\pdfbox\pdfbox\2.0.26\pdfbox-2.0.26.jar;C:\Users\VPAVAN\.m2\repository\org\apache\pdfbox\fontbox\2.0.26\fontbox-2.0.26.jar;C:\Users\VPAVAN\.m2\repository\org\knowm\xchart\xchart\3.8.0\xchart-3.8.0.jar;C:\Users\VPAVAN\.m2\repository\de\erichseifert\vectorgraphics2d\VectorGraphics2D\0.13\VectorGraphics2D-0.13.jar;C:\Users\VPAVAN\.m2\repository\de\rototor\pdfbox\graphics2d\0.30\graphics2d-0.30.jar;C:\Users\VPAVAN\.m2\repository\com\madgag\animated-gif-lib\1.4\animated-gif-lib-1.4.jar;C:\Users\VPAVAN\.m2\repository\org\yaml\snakeyaml\2.0\snakeyaml-2.0.jar;C:\Users\VPAVAN\.m2\repository\tech\grasshopper\table-layout\1.5.1\table-layout-1.5.1.jar;C:\Users\VPAVAN\.m2\repository\tech\grasshopper\rest-assured-cucumber-pdf-report\1.5.0\rest-assured-cucumber-pdf-report-1.5.0.jar;C:\Users\VPAVAN\.m2\repository\org\jsoup\jsoup\1.15.3\jsoup-1.15.3.jar;C:\Users\VPAVAN\.m2\repository\com\aventstack\klov-reporter\5.1.0\klov-reporter-5.1.0.jar;C:\Users\VPAVAN\.m2\repository\org\mongodb\mongodb-driver\3.6.4\mongodb-driver-3.6.4.jar;C:\Users\VPAVAN\.m2\repository\org\mongodb\mongodb-driver-core\3.6.4\mongodb-driver-core-3.6.4.jar;C:\Users\VPAVAN\.m2\repository\org\mongodb\bson\3.6.4\bson-3.6.4.jar;C:\Users\VPAVAN\.m2\repository\tech\grasshopper\htmlextentreporter\1.1.0\htmlextentreporter-1.1.0.jar;C:\Users\VPAVAN\.m2\repository\tech\grasshopper\extent-excel-report\1.4.0\extent-excel-report-1.4.0.jar;C:\Users\VPAVAN\.m2\repository\org\json\json\20230618\json-20230618.jar;C:\Users\VPAVAN\.m2\repository\com\jcraft\jsch\0.1.55\jsch-0.1.55.jar;"/>
    <property name="sun.cpu.endian" value="little"/>
    <property name="user.home" value="C:\Users\VPAVAN"/>
    <property name="user.language" value="en"/>
    <property name="java.specification.vendor" value="Oracle Corporation"/>
    <property name="java.version.date" value="2022-09-20"/>
    <property name="java.home" value="C:\Program Files\Eclipse Adoptium\jdk-19.0.0.36-hotspot"/>
    <property name="file.separator" value="\"/>
    <property name="basedir" value="C:\Users\VPAVAN\ec1\Bdd2"/>
    <property name="java.vm.compressedOopsMode" value="Zero based"/>
    <property name="line.separator" value="&#10;"/>
    <property name="java.vm.specification.vendor" value="Oracle Corporation"/>
    <property name="java.specification.name" value="Java Platform API Specification"/>
    <property name="surefire.real.class.path" value="C:\Users\VPAVAN\AppData\Local\Temp\surefire16533628838764367749\surefirebooter-20250304171358605_3.jar"/>
    <property name="user.script" value=""/>
    <property name="sun.management.compiler" value="HotSpot 64-Bit Tiered Compilers"/>
    <property name="java.runtime.version" value="19+36"/>
    <property name="user.name" value="vpavan"/>
    <property name="stdout.encoding" value="Cp1252"/>
    <property name="path.separator" value=";"/>
    <property name="os.version" value="10.0"/>
    <property name="java.runtime.name" value="OpenJDK Runtime Environment"/>
    <property name="file.encoding" value="UTF-8"/>
    <property name="java.vm.name" value="OpenJDK 64-Bit Server VM"/>
    <property name="java.vendor.version" value="Temurin-19+36"/>
    <property name="localRepository" value="C:\Users\VPAVAN\.m2\repository"/>
    <property name="cucumber.options" value=" --tag @Addplace123"/>
    <property name="java.vendor.url.bug" value="https://github.com/adoptium/adoptium-support/issues"/>
    <property name="java.io.tmpdir" value="C:\Users\VPAVAN\AppData\Local\Temp\"/>
    <property name="java.version" value="19"/>
    <property name="user.dir" value="C:\Users\VPAVAN\ec1\Bdd2"/>
    <property name="os.arch" value="amd64"/>
    <property name="java.vm.specification.name" value="Java Virtual Machine Specification"/>
    <property name="sun.os.patch.level" value=""/>
    <property name="native.encoding" value="Cp1252"/>
    <property name="java.library.path" value="C:\Program Files\Eclipse Adoptium\jdk-19.0.0.36-hotspot\bin;C:\WINDOWS\Sun\Java\bin;C:\WINDOWS\system32;C:\WINDOWS;C:\Program Files\Python312\Scripts\;C:\Program Files\Python312\;C:\Program Files\Python311\Scripts\;C:\Program Files\Python311\;C:\Program Files\Eclipse Adoptium\jdk-19.0.0.36-hotspot\bin;C:\Program Files\Eclipse Foundation\jdk-11.0.12.7-hotspot\bin;C:\WINDOWS\system32;C:\WINDOWS;C:\WINDOWS\System32\Wbem;C:\WINDOWS\System32\WindowsPowerShell\v1.0\;C:\WINDOWS\System32\OpenSSH\;C:\Program Files\TortoiseGit\bin;C:\Program Files\Git\cmd;C:\Program Files\allure-commandline-2.17.0\allure-2.17.0\bin;C:\Program Files\apache-maven-3.9.6-bin\apache-maven-3.9.6\bin;C:\Program Files\PuTTY\;C:\Users\VPAVAN\AppData\Local\Microsoft\WindowsApps;;."/>
    <property name="java.vm.info" value="mixed mode, sharing"/>
    <property name="stderr.encoding" value="Cp1252"/>
    <property name="java.vendor" value="Eclipse Adoptium"/>
    <property name="java.vm.version" value="19+36"/>
    <property name="sun.io.unicode.encoding" value="UnicodeLittle"/>
    <property name="java.class.version" value="63.0"/>
  </properties>
  <testcase name="runScenario[&quot;Verify if place is successfully added into the AddPlaceAPI&quot;, &quot;Validate Add Place Api&apos;s&quot;](1)" classname="Runner.TestNgtestRunner" time="4.617">
    <failure message="expected [200] but found [404]" type="java.lang.AssertionError"><![CDATA[java.lang.AssertionError: expected [200] but found [404]
	at org.testng.Assert.fail(Assert.java:111)
	at org.testng.Assert.failNotEquals(Assert.java:1578)
	at org.testng.Assert.assertEqualsImpl(Assert.java:150)
	at org.testng.Assert.assertEquals(Assert.java:132)
	at org.testng.Assert.assertEquals(Assert.java:1419)
	at org.testng.Assert.assertEquals(Assert.java:1383)
	at org.testng.Assert.assertEquals(Assert.java:1429)
	at StepDefinitions.stepdefAddplace.validate_api_call_is_success_status_code_is(stepdefAddplace.java:69)
	at ✽.validate Api call is success status code is 200(file:///C:/Users/VPAVAN/ec1/Bdd2/src/test/java/feature/placevalidations.feature:18)
]]></failure>
    <system-out><![CDATA[404
]]></system-out>
    <system-err><![CDATA[SLF4J: Failed to load class "org.slf4j.impl.StaticLoggerBinder".
SLF4J: Defaulting to no-operation (NOP) logger implementation
SLF4J: See http://www.slf4j.org/codes.html#StaticLoggerBinder for further details.
Mar 04, 2025 5:14:00 PM io.cucumber.core.options.CucumberPropertiesParser lambda$warnWhenCucumberOptionsIsUsed$2
WARNING: Passing commandline options via the property 'cucumber.options' is no longer supported. Please use individual properties instead. See the java doc on io.cucumber.core.options.Constants for details.
]]></system-err>
  </testcase>
</testsuite>