<?xml version="1.0" encoding="UTF-8"?>
<!-- Generated by org.testng.reporters.JUnitReportReporter -->
<testsuite hostname="LIN65003356" failures="0" tests="1" name="resources.aco_api3" time="104.543" errors="0" timestamp="2024-10-10T16:40:52 IST" skipped="0">
  <testcase classname="resources.aco_api3" name="validate" time="104.543"/>
</testsuite> <!-- resources.aco_api3 -->
