<?xml version="1.0" encoding="UTF-8"?>
<!-- Generated by org.testng.reporters.JUnitReportReporter -->
<testsuite hostname="LIN65003356" failures="0" tests="1" name="practice.postdemo" time="5.111" errors="0" timestamp="2025-02-26T15:07:28 IST" skipped="0">
  <testcase classname="practice.postdemo" name="getvalidationrest" time="5.111"/>
</testsuite> <!-- practice.postdemo -->
